{"total": {"lines":{"total":310,"covered":158,"skipped":0,"pct":50.96},"statements":{"total":324,"covered":158,"skipped":0,"pct":48.76},"functions":{"total":65,"covered":18,"skipped":0,"pct":27.69},"branches":{"total":65,"covered":21,"skipped":0,"pct":32.3},"branchesTrue":{"total":0,"covered":0,"skipped":0,"pct":100}}
,"/home/ebio/MVP-Delivery-App/app/server/src/app.ts": {"lines":{"total":18,"covered":13,"skipped":0,"pct":72.22},"functions":{"total":6,"covered":2,"skipped":0,"pct":33.33},"statements":{"total":20,"covered":13,"skipped":0,"pct":65},"branches":{"total":0,"covered":0,"skipped":0,"pct":100}}
,"/home/ebio/MVP-Delivery-App/app/server/src/auth/Token.ts": {"lines":{"total":9,"covered":4,"skipped":0,"pct":44.44},"functions":{"total":3,"covered":1,"skipped":0,"pct":33.33},"statements":{"total":9,"covered":4,"skipped":0,"pct":44.44},"branches":{"total":2,"covered":2,"skipped":0,"pct":100}}
,"/home/ebio/MVP-Delivery-App/app/server/src/controllers/CategoriesControllers.ts": {"lines":{"total":8,"covered":4,"skipped":0,"pct":50},"functions":{"total":2,"covered":1,"skipped":0,"pct":50},"statements":{"total":8,"covered":4,"skipped":0,"pct":50},"branches":{"total":1,"covered":1,"skipped":0,"pct":100}}
,"/home/ebio/MVP-Delivery-App/app/server/src/controllers/ProductsControllers.ts": {"lines":{"total":18,"covered":4,"skipped":0,"pct":22.22},"functions":{"total":3,"covered":1,"skipped":0,"pct":33.33},"statements":{"total":18,"covered":4,"skipped":0,"pct":22.22},"branches":{"total":3,"covered":1,"skipped":0,"pct":33.33}}
,"/home/ebio/MVP-Delivery-App/app/server/src/controllers/ProductsTypeControllers.ts": {"lines":{"total":8,"covered":4,"skipped":0,"pct":50},"functions":{"total":2,"covered":1,"skipped":0,"pct":50},"statements":{"total":8,"covered":4,"skipped":0,"pct":50},"branches":{"total":1,"covered":1,"skipped":0,"pct":100}}
,"/home/ebio/MVP-Delivery-App/app/server/src/controllers/RestaurantsControllers.ts": {"lines":{"total":34,"covered":4,"skipped":0,"pct":11.76},"functions":{"total":5,"covered":1,"skipped":0,"pct":20},"statements":{"total":34,"covered":4,"skipped":0,"pct":11.76},"branches":{"total":7,"covered":1,"skipped":0,"pct":14.28}}
,"/home/ebio/MVP-Delivery-App/app/server/src/controllers/UsersControllers.ts": {"lines":{"total":12,"covered":4,"skipped":0,"pct":33.33},"functions":{"total":3,"covered":1,"skipped":0,"pct":33.33},"statements":{"total":12,"covered":4,"skipped":0,"pct":33.33},"branches":{"total":1,"covered":1,"skipped":0,"pct":100}}
,"/home/ebio/MVP-Delivery-App/app/server/src/database/config/database.ts": {"lines":{"total":2,"covered":2,"skipped":0,"pct":100},"functions":{"total":0,"covered":0,"skipped":0,"pct":100},"statements":{"total":2,"covered":2,"skipped":0,"pct":100},"branches":{"total":8,"covered":8,"skipped":0,"pct":100}}
,"/home/ebio/MVP-Delivery-App/app/server/src/database/model/Categories.ts": {"lines":{"total":4,"covered":4,"skipped":0,"pct":100},"functions":{"total":0,"covered":0,"skipped":0,"pct":100},"statements":{"total":4,"covered":4,"skipped":0,"pct":100},"branches":{"total":0,"covered":0,"skipped":0,"pct":100}}
,"/home/ebio/MVP-Delivery-App/app/server/src/database/model/ProductType.ts": {"lines":{"total":4,"covered":4,"skipped":0,"pct":100},"functions":{"total":0,"covered":0,"skipped":0,"pct":100},"statements":{"total":4,"covered":4,"skipped":0,"pct":100},"branches":{"total":0,"covered":0,"skipped":0,"pct":100}}
,"/home/ebio/MVP-Delivery-App/app/server/src/database/model/Products.ts": {"lines":{"total":9,"covered":9,"skipped":0,"pct":100},"functions":{"total":0,"covered":0,"skipped":0,"pct":100},"statements":{"total":9,"covered":9,"skipped":0,"pct":100},"branches":{"total":0,"covered":0,"skipped":0,"pct":100}}
,"/home/ebio/MVP-Delivery-App/app/server/src/database/model/Restaurants.ts": {"lines":{"total":6,"covered":6,"skipped":0,"pct":100},"functions":{"total":0,"covered":0,"skipped":0,"pct":100},"statements":{"total":6,"covered":6,"skipped":0,"pct":100},"branches":{"total":0,"covered":0,"skipped":0,"pct":100}}
,"/home/ebio/MVP-Delivery-App/app/server/src/database/model/Users.ts": {"lines":{"total":4,"covered":4,"skipped":0,"pct":100},"functions":{"total":0,"covered":0,"skipped":0,"pct":100},"statements":{"total":4,"covered":4,"skipped":0,"pct":100},"branches":{"total":0,"covered":0,"skipped":0,"pct":100}}
,"/home/ebio/MVP-Delivery-App/app/server/src/database/model/index.ts": {"lines":{"total":4,"covered":4,"skipped":0,"pct":100},"functions":{"total":0,"covered":0,"skipped":0,"pct":100},"statements":{"total":4,"covered":4,"skipped":0,"pct":100},"branches":{"total":0,"covered":0,"skipped":0,"pct":100}}
,"/home/ebio/MVP-Delivery-App/app/server/src/models/CategoriesModel.ts": {"lines":{"total":5,"covered":3,"skipped":0,"pct":60},"functions":{"total":2,"covered":1,"skipped":0,"pct":50},"statements":{"total":5,"covered":3,"skipped":0,"pct":60},"branches":{"total":0,"covered":0,"skipped":0,"pct":100}}
,"/home/ebio/MVP-Delivery-App/app/server/src/models/ProductsModel.ts": {"lines":{"total":9,"covered":5,"skipped":0,"pct":55.55},"functions":{"total":3,"covered":1,"skipped":0,"pct":33.33},"statements":{"total":9,"covered":5,"skipped":0,"pct":55.55},"branches":{"total":0,"covered":0,"skipped":0,"pct":100}}
,"/home/ebio/MVP-Delivery-App/app/server/src/models/ProductsTypeModel.ts": {"lines":{"total":5,"covered":3,"skipped":0,"pct":60},"functions":{"total":2,"covered":1,"skipped":0,"pct":50},"statements":{"total":5,"covered":3,"skipped":0,"pct":60},"branches":{"total":0,"covered":0,"skipped":0,"pct":100}}
,"/home/ebio/MVP-Delivery-App/app/server/src/models/RestaurantsModel.ts": {"lines":{"total":14,"covered":6,"skipped":0,"pct":42.85},"functions":{"total":5,"covered":1,"skipped":0,"pct":20},"statements":{"total":14,"covered":6,"skipped":0,"pct":42.85},"branches":{"total":0,"covered":0,"skipped":0,"pct":100}}
,"/home/ebio/MVP-Delivery-App/app/server/src/models/UsersModel.ts": {"lines":{"total":9,"covered":3,"skipped":0,"pct":33.33},"functions":{"total":3,"covered":1,"skipped":0,"pct":33.33},"statements":{"total":11,"covered":3,"skipped":0,"pct":27.27},"branches":{"total":4,"covered":0,"skipped":0,"pct":0}}
,"/home/ebio/MVP-Delivery-App/app/server/src/routes/categories.routes.ts": {"lines":{"total":6,"covered":6,"skipped":0,"pct":100},"functions":{"total":1,"covered":0,"skipped":0,"pct":0},"statements":{"total":7,"covered":6,"skipped":0,"pct":85.71},"branches":{"total":0,"covered":0,"skipped":0,"pct":100}}
,"/home/ebio/MVP-Delivery-App/app/server/src/routes/index.ts": {"lines":{"total":13,"covered":13,"skipped":0,"pct":100},"functions":{"total":0,"covered":0,"skipped":0,"pct":100},"statements":{"total":13,"covered":13,"skipped":0,"pct":100},"branches":{"total":0,"covered":0,"skipped":0,"pct":100}}
,"/home/ebio/MVP-Delivery-App/app/server/src/routes/login.routes.ts": {"lines":{"total":7,"covered":7,"skipped":0,"pct":100},"functions":{"total":2,"covered":0,"skipped":0,"pct":0},"statements":{"total":9,"covered":7,"skipped":0,"pct":77.77},"branches":{"total":0,"covered":0,"skipped":0,"pct":100}}
,"/home/ebio/MVP-Delivery-App/app/server/src/routes/products.routes.ts": {"lines":{"total":7,"covered":7,"skipped":0,"pct":100},"functions":{"total":2,"covered":0,"skipped":0,"pct":0},"statements":{"total":9,"covered":7,"skipped":0,"pct":77.77},"branches":{"total":0,"covered":0,"skipped":0,"pct":100}}
,"/home/ebio/MVP-Delivery-App/app/server/src/routes/productsType.routes.ts": {"lines":{"total":6,"covered":6,"skipped":0,"pct":100},"functions":{"total":1,"covered":0,"skipped":0,"pct":0},"statements":{"total":7,"covered":6,"skipped":0,"pct":85.71},"branches":{"total":0,"covered":0,"skipped":0,"pct":100}}
,"/home/ebio/MVP-Delivery-App/app/server/src/routes/restaurants.routes.ts": {"lines":{"total":9,"covered":9,"skipped":0,"pct":100},"functions":{"total":4,"covered":0,"skipped":0,"pct":0},"statements":{"total":13,"covered":9,"skipped":0,"pct":69.23},"branches":{"total":0,"covered":0,"skipped":0,"pct":100}}
,"/home/ebio/MVP-Delivery-App/app/server/src/services/CategoriesService.ts": {"lines":{"total":7,"covered":3,"skipped":0,"pct":42.85},"functions":{"total":2,"covered":1,"skipped":0,"pct":50},"statements":{"total":7,"covered":3,"skipped":0,"pct":42.85},"branches":{"total":3,"covered":1,"skipped":0,"pct":33.33}}
,"/home/ebio/MVP-Delivery-App/app/server/src/services/ProductsService.ts": {"lines":{"total":11,"covered":3,"skipped":0,"pct":27.27},"functions":{"total":3,"covered":1,"skipped":0,"pct":33.33},"statements":{"total":11,"covered":3,"skipped":0,"pct":27.27},"branches":{"total":5,"covered":1,"skipped":0,"pct":20}}
,"/home/ebio/MVP-Delivery-App/app/server/src/services/ProductsTypeService.ts": {"lines":{"total":7,"covered":3,"skipped":0,"pct":42.85},"functions":{"total":2,"covered":1,"skipped":0,"pct":50},"statements":{"total":7,"covered":3,"skipped":0,"pct":42.85},"branches":{"total":3,"covered":1,"skipped":0,"pct":33.33}}
,"/home/ebio/MVP-Delivery-App/app/server/src/services/RestaurantsService.ts": {"lines":{"total":19,"covered":3,"skipped":0,"pct":15.78},"functions":{"total":5,"covered":1,"skipped":0,"pct":20},"statements":{"total":19,"covered":3,"skipped":0,"pct":15.78},"branches":{"total":9,"covered":1,"skipped":0,"pct":11.11}}
,"/home/ebio/MVP-Delivery-App/app/server/src/services/UsersService.ts": {"lines":{"total":25,"covered":6,"skipped":0,"pct":24},"functions":{"total":3,"covered":1,"skipped":0,"pct":33.33},"statements":{"total":25,"covered":6,"skipped":0,"pct":24},"branches":{"total":10,"covered":2,"skipped":0,"pct":20}}
,"/home/ebio/MVP-Delivery-App/app/server/src/tests/mocks/categories.mock.ts": {"lines":{"total":1,"covered":1,"skipped":0,"pct":100},"functions":{"total":0,"covered":0,"skipped":0,"pct":100},"statements":{"total":1,"covered":1,"skipped":0,"pct":100},"branches":{"total":0,"covered":0,"skipped":0,"pct":100}}
,"/home/ebio/MVP-Delivery-App/app/server/src/utils/mapStatusHTTP.ts": {"lines":{"total":10,"covered":1,"skipped":0,"pct":10},"functions":{"total":1,"covered":0,"skipped":0,"pct":0},"statements":{"total":10,"covered":1,"skipped":0,"pct":10},"branches":{"total":8,"covered":0,"skipped":0,"pct":0}}
}
