{"/home/ebio/MVP-Delivery-App/app/server/src/app.ts":{"path":"/home/ebio/MVP-Delivery-App/app/server/src/app.ts","statementMap":{"0":{"start":{"line":2,"column":22},"end":{"line":4,"column":1}},"1":{"start":{"line":3,"column":4},"end":{"line":3,"column":62}},"2":{"start":{"line":5,"column":0},"end":{"line":5,"column":62}},"3":{"start":{"line":6,"column":0},"end":{"line":6,"column":35}},"4":{"start":{"line":7,"column":18},"end":{"line":7,"column":53}},"5":{"start":{"line":8,"column":17},"end":{"line":8,"column":53}},"6":{"start":{"line":9,"column":15},"end":{"line":9,"column":47}},"7":{"start":{"line":12,"column":8},"end":{"line":12,"column":44}},"8":{"start":{"line":13,"column":8},"end":{"line":13,"column":22}},"9":{"start":{"line":14,"column":8},"end":{"line":14,"column":65}},"10":{"start":{"line":14,"column":41},"end":{"line":14,"column":63}},"11":{"start":{"line":17,"column":30},"end":{"line":22,"column":9}},"12":{"start":{"line":18,"column":12},"end":{"line":18,"column":59}},"13":{"start":{"line":19,"column":12},"end":{"line":19,"column":92}},"14":{"start":{"line":20,"column":12},"end":{"line":20,"column":60}},"15":{"start":{"line":21,"column":12},"end":{"line":21,"column":19}},"16":{"start":{"line":23,"column":8},"end":{"line":23,"column":47}},"17":{"start":{"line":24,"column":8},"end":{"line":24,"column":36}},"18":{"start":{"line":25,"column":8},"end":{"line":25,"column":39}},"19":{"start":{"line":26,"column":8},"end":{"line":26,"column":44}},"20":{"start":{"line":29,"column":8},"end":{"line":29,"column":76}},"21":{"start":{"line":29,"column":36},"end":{"line":29,"column":74}},"22":{"start":{"line":32,"column":0},"end":{"line":32,"column":18}},"23":{"start":{"line":33,"column":0},"end":{"line":33,"column":28}}},"fnMap":{"0":{"name":"(anonymous_0)","decl":{"start":{"line":2,"column":56},"end":{"line":2,"column":57}},"loc":{"start":{"line":2,"column":71},"end":{"line":4,"column":1}},"line":2},"1":{"name":"(anonymous_1)","decl":{"start":{"line":11,"column":4},"end":{"line":11,"column":5}},"loc":{"start":{"line":11,"column":18},"end":{"line":15,"column":5}},"line":11},"2":{"name":"(anonymous_2)","decl":{"start":{"line":14,"column":26},"end":{"line":14,"column":27}},"loc":{"start":{"line":14,"column":41},"end":{"line":14,"column":63}},"line":14},"3":{"name":"(anonymous_3)","decl":{"start":{"line":16,"column":4},"end":{"line":16,"column":5}},"loc":{"start":{"line":16,"column":13},"end":{"line":27,"column":5}},"line":16},"4":{"name":"(anonymous_4)","decl":{"start":{"line":17,"column":30},"end":{"line":17,"column":31}},"loc":{"start":{"line":17,"column":51},"end":{"line":22,"column":9}},"line":17},"5":{"name":"(anonymous_5)","decl":{"start":{"line":28,"column":4},"end":{"line":28,"column":5}},"loc":{"start":{"line":28,"column":16},"end":{"line":30,"column":5}},"line":28},"6":{"name":"(anonymous_6)","decl":{"start":{"line":29,"column":30},"end":{"line":29,"column":31}},"loc":{"start":{"line":29,"column":36},"end":{"line":29,"column":74}},"line":29}},"branchMap":{"0":{"loc":{"start":{"line":2,"column":22},"end":{"line":4,"column":1}},"type":"binary-expr","locations":[{"start":{"line":2,"column":23},"end":{"line":2,"column":27}},{"start":{"line":2,"column":31},"end":{"line":2,"column":51}},{"start":{"line":2,"column":56},"end":{"line":4,"column":1}}],"line":2},"1":{"loc":{"start":{"line":3,"column":11},"end":{"line":3,"column":61}},"type":"cond-expr","locations":[{"start":{"line":3,"column":37},"end":{"line":3,"column":40}},{"start":{"line":3,"column":43},"end":{"line":3,"column":61}}],"line":3},"2":{"loc":{"start":{"line":3,"column":12},"end":{"line":3,"column":33}},"type":"binary-expr","locations":[{"start":{"line":3,"column":12},"end":{"line":3,"column":15}},{"start":{"line":3,"column":19},"end":{"line":3,"column":33}}],"line":3}},"s":{"0":1,"1":3,"2":1,"3":1,"4":1,"5":1,"6":1,"7":1,"8":1,"9":1,"10":0,"11":1,"12":2,"13":2,"14":2,"15":2,"16":1,"17":1,"18":1,"19":1,"20":0,"21":0,"22":1,"23":1},"f":{"0":3,"1":1,"2":0,"3":1,"4":2,"5":0,"6":0},"b":{"0":[1,1,1],"1":[1,2],"2":[3,3]},"inputSourceMap":{"version":3,"file":"/home/ebio/MVP-Delivery-App/app/server/src/app.ts","sources":["/home/ebio/MVP-Delivery-App/app/server/src/app.ts"],"names":[],"mappings":";;;;;;AAAA,sDAA8B;AAC9B,sDAA8B;AAC9B,gDAAwB;AAGxB,MAAM,GAAG;IAGR;QACC,IAAI,CAAC,GAAG,GAAG,IAAA,iBAAO,GAAE,CAAC;QACrB,IAAI,CAAC,MAAM,EAAE,CAAC;QACd,IAAI,CAAC,GAAG,CAAC,GAAG,CAAC,GAAG,EAAE,CAAC,IAAI,EAAE,GAAG,EAAE,EAAE,CAAC,GAAG,CAAC,IAAI,CAAC,EAAE,EAAE,EAAE,IAAI,EAAE,CAAC,CAAC,CAAC;IAC1D,CAAC;IAEO,MAAM;QACb,MAAM,aAAa,GAA2B,CAAC,IAAI,EAAE,GAAG,EAAE,IAAI,EAAE,EAAE;YACjE,GAAG,CAAC,MAAM,CAAC,6BAA6B,EAAE,GAAG,CAAC,CAAC;YAC/C,GAAG,CAAC,MAAM,CAAC,8BAA8B,EAAE,mCAAmC,CAAC,CAAC;YAChF,GAAG,CAAC,MAAM,CAAC,8BAA8B,EAAE,GAAG,CAAC,CAAC;YAChD,IAAI,EAAE,CAAC;QACR,CAAC,CAAC;QAEF,IAAI,CAAC,GAAG,CAAC,GAAG,CAAC,iBAAO,CAAC,IAAI,EAAE,CAAC,CAAC;QAC7B,IAAI,CAAC,GAAG,CAAC,GAAG,CAAC,aAAa,CAAC,CAAC;QAC5B,IAAI,CAAC,GAAG,CAAC,GAAG,CAAC,gBAAM,CAAC,CAAC;QACrB,IAAI,CAAC,GAAG,CAAC,GAAG,CAAC,IAAA,cAAI,GAAE,CAAC,CAAC;IACtB,CAAC;IAEM,KAAK,CAAC,IAAqB;QACjC,IAAI,CAAC,GAAG,CAAC,MAAM,CAAC,IAAI,EAAE,GAAG,EAAE,CAAC,OAAO,CAAC,GAAG,CAAC,mBAAmB,IAAI,EAAE,CAAC,CAAC,CAAC;IACrE,CAAC;CACD;AACQ,kBAAG;AAEG,WAAG,GAAK,IAAI,GAAG,EAAE,KAAC","sourcesContent":["import express from 'express';\nimport router from './routes';\nimport cors from 'cors';\n\n\nclass App {\n\tpublic app: express.Express;\n\n\tconstructor() {\n\t\tthis.app = express();\n\t\tthis.config();\n\t\tthis.app.get('/', (_req, res) => res.json({ ok: true }));\n\t}\n\n\tprivate config(): void {\n\t\tconst accessControl: express.RequestHandler = (_req, res, next) => {\n\t\t\tres.header('Access-Control-Allow-Origin', '*');\n\t\t\tres.header('Access-Control-Allow-Methods', 'GET,POST,DELETE,OPTIONS,PUT,PATCH');\n\t\t\tres.header('Access-Control-Allow-Headers', '*');\n\t\t\tnext();\n\t\t};\n\n\t\tthis.app.use(express.json());\n\t\tthis.app.use(accessControl);\n\t\tthis.app.use(router);\n\t\tthis.app.use(cors());\n\t}\n\n\tpublic start(PORT: string | number): void {\n\t\tthis.app.listen(PORT, () => console.log(`Running on port ${PORT}`));\n\t}\n}\nexport { App };\n\nexport const { app } = new App();\n"]},"_coverageSchema":"1a1c01bbd47fc00a2c39e90264f33305004495a9","hash":"136868b072562c4fa07c75eefd34be195bc6a3c5","contentHash":"f85da591789e7191a2288d223ed4a0266c24ab3172c826bd2ff69ed6517995fe"},"/home/ebio/MVP-Delivery-App/app/server/src/routes/index.ts":{"path":"/home/ebio/MVP-Delivery-App/app/server/src/routes/index.ts","statementMap":{"0":{"start":{"line":2,"column":22},"end":{"line":4,"column":1}},"1":{"start":{"line":3,"column":4},"end":{"line":3,"column":62}},"2":{"start":{"line":5,"column":0},"end":{"line":5,"column":62}},"3":{"start":{"line":6,"column":18},"end":{"line":6,"column":36}},"4":{"start":{"line":7,"column":28},"end":{"line":7,"column":75}},"5":{"start":{"line":8,"column":26},"end":{"line":8,"column":71}},"6":{"start":{"line":9,"column":30},"end":{"line":9,"column":79}},"7":{"start":{"line":10,"column":23},"end":{"line":10,"column":65}},"8":{"start":{"line":11,"column":29},"end":{"line":11,"column":77}},"9":{"start":{"line":12,"column":15},"end":{"line":12,"column":38}},"10":{"start":{"line":13,"column":0},"end":{"line":13,"column":55}},"11":{"start":{"line":14,"column":0},"end":{"line":14,"column":51}},"12":{"start":{"line":15,"column":0},"end":{"line":15,"column":60}},"13":{"start":{"line":16,"column":0},"end":{"line":16,"column":45}},"14":{"start":{"line":17,"column":0},"end":{"line":17,"column":57}},"15":{"start":{"line":18,"column":0},"end":{"line":18,"column":25}}},"fnMap":{"0":{"name":"(anonymous_0)","decl":{"start":{"line":2,"column":56},"end":{"line":2,"column":57}},"loc":{"start":{"line":2,"column":71},"end":{"line":4,"column":1}},"line":2}},"branchMap":{"0":{"loc":{"start":{"line":2,"column":22},"end":{"line":4,"column":1}},"type":"binary-expr","locations":[{"start":{"line":2,"column":23},"end":{"line":2,"column":27}},{"start":{"line":2,"column":31},"end":{"line":2,"column":51}},{"start":{"line":2,"column":56},"end":{"line":4,"column":1}}],"line":2},"1":{"loc":{"start":{"line":3,"column":11},"end":{"line":3,"column":61}},"type":"cond-expr","locations":[{"start":{"line":3,"column":37},"end":{"line":3,"column":40}},{"start":{"line":3,"column":43},"end":{"line":3,"column":61}}],"line":3},"2":{"loc":{"start":{"line":3,"column":12},"end":{"line":3,"column":33}},"type":"binary-expr","locations":[{"start":{"line":3,"column":12},"end":{"line":3,"column":15}},{"start":{"line":3,"column":19},"end":{"line":3,"column":33}}],"line":3}},"s":{"0":1,"1":5,"2":1,"3":1,"4":1,"5":1,"6":1,"7":1,"8":1,"9":1,"10":1,"11":1,"12":1,"13":1,"14":1,"15":1},"f":{"0":5},"b":{"0":[1,1,1],"1":[5,0],"2":[5,5]},"inputSourceMap":{"version":3,"file":"/home/ebio/MVP-Delivery-App/app/server/src/routes/index.ts","sources":["/home/ebio/MVP-Delivery-App/app/server/src/routes/index.ts"],"names":[],"mappings":";;;;;AAAA,qCAAiC;AACjC,4EAAmD;AACnD,wEAA+C;AAC/C,gFAAuD;AACvD,kEAAyC;AACzC,8EAAqD;AAErD,MAAM,MAAM,GAAG,IAAA,gBAAM,GAAE,CAAC;AAExB,MAAM,CAAC,GAAG,CAAC,aAAa,EAAE,2BAAgB,CAAC,CAAC;AAC5C,MAAM,CAAC,GAAG,CAAC,WAAW,EAAE,yBAAc,CAAC,CAAC;AACxC,MAAM,CAAC,GAAG,CAAC,gBAAgB,EAAE,6BAAkB,CAAC,CAAC;AACjD,MAAM,CAAC,GAAG,CAAC,QAAQ,EAAE,sBAAW,CAAC,CAAC;AAClC,MAAM,CAAC,GAAG,CAAC,cAAc,EAAE,4BAAiB,CAAC,CAAC;AAE9C,kBAAe,MAAM,CAAC","sourcesContent":["import { Router } from 'express';\nimport categoriesRouter from './categories.routes';\nimport productsRouter from './products.routes';\nimport productsTypeRouter from './productsType.routes';\nimport loginRouter from './login.routes';\nimport restaurantsRouter from './restaurants.routes';\n\nconst router = Router();\n\nrouter.use('/categories', categoriesRouter);\nrouter.use('/products', productsRouter);\nrouter.use('/products-type', productsTypeRouter);\nrouter.use('/login', loginRouter);\nrouter.use('/restaurants', restaurantsRouter);\n\nexport default router;\n"]},"_coverageSchema":"1a1c01bbd47fc00a2c39e90264f33305004495a9","hash":"1dfaf580621c680f583e5358dabe69e419c00088","contentHash":"a0e31e84f9026eb448cecdad3db09eb0a99805306e9e32cbe6bccce7affbcaba"},"/home/ebio/MVP-Delivery-App/app/server/src/routes/categories.routes.ts":{"path":"/home/ebio/MVP-Delivery-App/app/server/src/routes/categories.routes.ts","statementMap":{"0":{"start":{"line":2,"column":22},"end":{"line":4,"column":1}},"1":{"start":{"line":3,"column":4},"end":{"line":3,"column":62}},"2":{"start":{"line":5,"column":0},"end":{"line":5,"column":62}},"3":{"start":{"line":6,"column":18},"end":{"line":6,"column":36}},"4":{"start":{"line":7,"column":32},"end":{"line":7,"column":96}},"5":{"start":{"line":8,"column":29},"end":{"line":8,"column":66}},"6":{"start":{"line":9,"column":15},"end":{"line":9,"column":38}},"7":{"start":{"line":10,"column":0},"end":{"line":10,"column":69}},"8":{"start":{"line":10,"column":30},"end":{"line":10,"column":67}},"9":{"start":{"line":11,"column":0},"end":{"line":11,"column":25}}},"fnMap":{"0":{"name":"(anonymous_0)","decl":{"start":{"line":2,"column":56},"end":{"line":2,"column":57}},"loc":{"start":{"line":2,"column":71},"end":{"line":4,"column":1}},"line":2},"1":{"name":"(anonymous_1)","decl":{"start":{"line":10,"column":16},"end":{"line":10,"column":17}},"loc":{"start":{"line":10,"column":30},"end":{"line":10,"column":67}},"line":10}},"branchMap":{"0":{"loc":{"start":{"line":2,"column":22},"end":{"line":4,"column":1}},"type":"binary-expr","locations":[{"start":{"line":2,"column":23},"end":{"line":2,"column":27}},{"start":{"line":2,"column":31},"end":{"line":2,"column":51}},{"start":{"line":2,"column":56},"end":{"line":4,"column":1}}],"line":2},"1":{"loc":{"start":{"line":3,"column":11},"end":{"line":3,"column":61}},"type":"cond-expr","locations":[{"start":{"line":3,"column":37},"end":{"line":3,"column":40}},{"start":{"line":3,"column":43},"end":{"line":3,"column":61}}],"line":3},"2":{"loc":{"start":{"line":3,"column":12},"end":{"line":3,"column":33}},"type":"binary-expr","locations":[{"start":{"line":3,"column":12},"end":{"line":3,"column":15}},{"start":{"line":3,"column":19},"end":{"line":3,"column":33}}],"line":3}},"s":{"0":1,"1":1,"2":1,"3":1,"4":1,"5":1,"6":1,"7":1,"8":2,"9":1},"f":{"0":1,"1":2},"b":{"0":[1,1,1],"1":[1,0],"2":[1,1]},"inputSourceMap":{"version":3,"file":"/home/ebio/MVP-Delivery-App/app/server/src/routes/categories.routes.ts","sources":["/home/ebio/MVP-Delivery-App/app/server/src/routes/categories.routes.ts"],"names":[],"mappings":";;;;;AAAA,qCAAoD;AACpD,iGAAwE;AAExE,MAAM,oBAAoB,GAAG,IAAI,+BAAoB,EAAE,CAAC;AACxD,MAAM,MAAM,GAAG,IAAA,gBAAM,GAAE,CAAC;AAExB,MAAM,CAAC,GAAG,CAAC,GAAG,EAAE,CAAC,GAAY,EAAE,GAAa,EAAE,EAAE,CAAC,oBAAoB,CAAC,MAAM,CAAC,GAAG,EAAE,GAAG,CAAC,CAAC,CAAC;AAExF,kBAAe,MAAM,CAAC","sourcesContent":["import { Request, Response, Router } from 'express';\nimport CategoriesController from '../controllers/CategoriesControllers';\n\nconst categoriesController = new CategoriesController();\nconst router = Router();\n\nrouter.get('/', (req: Request, res: Response) => categoriesController.getAll(req, res));\n\nexport default router;\n"]},"_coverageSchema":"1a1c01bbd47fc00a2c39e90264f33305004495a9","hash":"de33ff6ac0455445e6fed5acea543b46515fa2f5","contentHash":"afdcab849309615ae44bdc9772c65a9f4ce56e2ab6afbc3c1ac5f14cd5a3f3b7"},"/home/ebio/MVP-Delivery-App/app/server/src/controllers/CategoriesControllers.ts":{"path":"/home/ebio/MVP-Delivery-App/app/server/src/controllers/CategoriesControllers.ts","statementMap":{"0":{"start":{"line":2,"column":22},"end":{"line":4,"column":1}},"1":{"start":{"line":3,"column":4},"end":{"line":3,"column":62}},"2":{"start":{"line":5,"column":0},"end":{"line":5,"column":62}},"3":{"start":{"line":6,"column":28},"end":{"line":6,"column":85}},"4":{"start":{"line":7,"column":24},"end":{"line":7,"column":74}},"5":{"start":{"line":10,"column":8},"end":{"line":10,"column":51}},"6":{"start":{"line":13,"column":8},"end":{"line":19,"column":9}},"7":{"start":{"line":14,"column":37},"end":{"line":14,"column":74}},"8":{"start":{"line":15,"column":12},"end":{"line":15,"column":79}},"9":{"start":{"line":18,"column":12},"end":{"line":18,"column":71}},"10":{"start":{"line":22,"column":0},"end":{"line":22,"column":39}}},"fnMap":{"0":{"name":"(anonymous_0)","decl":{"start":{"line":2,"column":56},"end":{"line":2,"column":57}},"loc":{"start":{"line":2,"column":71},"end":{"line":4,"column":1}},"line":2},"1":{"name":"(anonymous_1)","decl":{"start":{"line":9,"column":4},"end":{"line":9,"column":5}},"loc":{"start":{"line":9,"column":71},"end":{"line":11,"column":5}},"line":9},"2":{"name":"(anonymous_2)","decl":{"start":{"line":12,"column":4},"end":{"line":12,"column":5}},"loc":{"start":{"line":12,"column":28},"end":{"line":20,"column":5}},"line":12}},"branchMap":{"0":{"loc":{"start":{"line":2,"column":22},"end":{"line":4,"column":1}},"type":"binary-expr","locations":[{"start":{"line":2,"column":23},"end":{"line":2,"column":27}},{"start":{"line":2,"column":31},"end":{"line":2,"column":51}},{"start":{"line":2,"column":56},"end":{"line":4,"column":1}}],"line":2},"1":{"loc":{"start":{"line":3,"column":11},"end":{"line":3,"column":61}},"type":"cond-expr","locations":[{"start":{"line":3,"column":37},"end":{"line":3,"column":40}},{"start":{"line":3,"column":43},"end":{"line":3,"column":61}}],"line":3},"2":{"loc":{"start":{"line":3,"column":12},"end":{"line":3,"column":33}},"type":"binary-expr","locations":[{"start":{"line":3,"column":12},"end":{"line":3,"column":15}},{"start":{"line":3,"column":19},"end":{"line":3,"column":33}}],"line":3},"3":{"loc":{"start":{"line":9,"column":16},"end":{"line":9,"column":69}},"type":"default-arg","locations":[{"start":{"line":9,"column":36},"end":{"line":9,"column":69}}],"line":9}},"s":{"0":1,"1":2,"2":1,"3":1,"4":1,"5":1,"6":2,"7":2,"8":1,"9":1,"10":1},"f":{"0":2,"1":1,"2":2},"b":{"0":[1,1,1],"1":[2,0],"2":[2,2],"3":[1]},"inputSourceMap":{"version":3,"file":"/home/ebio/MVP-Delivery-App/app/server/src/controllers/CategoriesControllers.ts","sources":["/home/ebio/MVP-Delivery-App/app/server/src/controllers/CategoriesControllers.ts"],"names":[],"mappings":";;;;;AACA,sFAA8D;AAC9D,2EAAmD;AAGnD,MAAqB,oBAAoB;IACxC,YAAoB,oBAAoB,IAAI,2BAAiB,EAAE;QAA3C,sBAAiB,GAAjB,iBAAiB,CAA0B;IAAG,CAAC;IAE5D,KAAK,CAAC,MAAM,CAAC,IAAa,EAAE,GAAa;QAC/C,IAAI,CAAC;YACJ,MAAM,EAAE,MAAM,EAAE,IAAI,EAAE,GAAG,MAAM,IAAI,CAAC,iBAAiB,CAAC,MAAM,EAAE,CAAC;YAC/D,OAAO,GAAG,CAAC,MAAM,CAAC,IAAA,uBAAa,EAAC,MAAM,CAAC,CAAC,CAAC,IAAI,CAAC,IAAI,CAAC,CAAC;QACrD,CAAC;QACD,MAAM,CAAC;YACN,OAAO,GAAG,CAAC,MAAM,CAAC,GAAG,CAAC,CAAC,IAAI,CAAC,EAAC,OAAO,EAAE,gBAAgB,EAAC,CAAC,CAAC;QAC1D,CAAC;IACF,CAAC;CACD;AAZD,uCAYC","sourcesContent":["import { Request, Response } from 'express';\nimport CategoriesService from '../services/CategoriesService';\nimport mapStatusHTTP from '../utils/mapStatusHTTP';\n\n\nexport default class CategoriesController {\n\tconstructor(private categoriesService = new CategoriesService()) {}\n\n\tpublic async getAll(_req: Request, res: Response) {\n\t\ttry {\n\t\t\tconst { status, data } = await this.categoriesService.getAll();\n\t\t\treturn res.status(mapStatusHTTP(status)).json(data);\n\t\t}\n\t\tcatch {\n\t\t\treturn res.status(500).json({message: 'Internal Error'});\n\t\t}\n\t}\n}\n"]},"_coverageSchema":"1a1c01bbd47fc00a2c39e90264f33305004495a9","hash":"90fc8235f7456099f2dd190a920741dd4df30420","contentHash":"21955583d55a5513cd5dbc16a016ae51c4845dd6130f779c02d740605c87f8e6"},"/home/ebio/MVP-Delivery-App/app/server/src/services/CategoriesService.ts":{"path":"/home/ebio/MVP-Delivery-App/app/server/src/services/CategoriesService.ts","statementMap":{"0":{"start":{"line":2,"column":22},"end":{"line":4,"column":1}},"1":{"start":{"line":3,"column":4},"end":{"line":3,"column":62}},"2":{"start":{"line":5,"column":0},"end":{"line":5,"column":62}},"3":{"start":{"line":6,"column":26},"end":{"line":6,"column":79}},"4":{"start":{"line":9,"column":8},"end":{"line":9,"column":47}},"5":{"start":{"line":12,"column":27},"end":{"line":12,"column":63}},"6":{"start":{"line":13,"column":8},"end":{"line":15,"column":9}},"7":{"start":{"line":14,"column":12},"end":{"line":14,"column":88}},"8":{"start":{"line":16,"column":8},"end":{"line":16,"column":55}},"9":{"start":{"line":19,"column":0},"end":{"line":19,"column":36}}},"fnMap":{"0":{"name":"(anonymous_0)","decl":{"start":{"line":2,"column":56},"end":{"line":2,"column":57}},"loc":{"start":{"line":2,"column":71},"end":{"line":4,"column":1}},"line":2},"1":{"name":"(anonymous_1)","decl":{"start":{"line":8,"column":4},"end":{"line":8,"column":5}},"loc":{"start":{"line":8,"column":67},"end":{"line":10,"column":5}},"line":8},"2":{"name":"(anonymous_2)","decl":{"start":{"line":11,"column":4},"end":{"line":11,"column":5}},"loc":{"start":{"line":11,"column":19},"end":{"line":17,"column":5}},"line":11}},"branchMap":{"0":{"loc":{"start":{"line":2,"column":22},"end":{"line":4,"column":1}},"type":"binary-expr","locations":[{"start":{"line":2,"column":23},"end":{"line":2,"column":27}},{"start":{"line":2,"column":31},"end":{"line":2,"column":51}},{"start":{"line":2,"column":56},"end":{"line":4,"column":1}}],"line":2},"1":{"loc":{"start":{"line":3,"column":11},"end":{"line":3,"column":61}},"type":"cond-expr","locations":[{"start":{"line":3,"column":37},"end":{"line":3,"column":40}},{"start":{"line":3,"column":43},"end":{"line":3,"column":61}}],"line":3},"2":{"loc":{"start":{"line":3,"column":12},"end":{"line":3,"column":33}},"type":"binary-expr","locations":[{"start":{"line":3,"column":12},"end":{"line":3,"column":15}},{"start":{"line":3,"column":19},"end":{"line":3,"column":33}}],"line":3},"3":{"loc":{"start":{"line":8,"column":16},"end":{"line":8,"column":65}},"type":"default-arg","locations":[{"start":{"line":8,"column":34},"end":{"line":8,"column":65}}],"line":8},"4":{"loc":{"start":{"line":13,"column":8},"end":{"line":15,"column":9}},"type":"if","locations":[{"start":{"line":13,"column":8},"end":{"line":15,"column":9}},{"start":{"line":13,"column":8},"end":{"line":15,"column":9}}],"line":13}},"s":{"0":1,"1":1,"2":1,"3":1,"4":1,"5":2,"6":1,"7":0,"8":1,"9":1},"f":{"0":1,"1":1,"2":2},"b":{"0":[1,1,1],"1":[1,0],"2":[1,1],"3":[1],"4":[0,1]},"inputSourceMap":{"version":3,"file":"/home/ebio/MVP-Delivery-App/app/server/src/services/CategoriesService.ts","sources":["/home/ebio/MVP-Delivery-App/app/server/src/services/CategoriesService.ts"],"names":[],"mappings":";;;;;AAAA,gFAAwD;AAMxD,MAAqB,iBAAiB;IACrC,YAAoB,kBAAoC,IAAI,yBAAe,EAAE;QAAzD,oBAAe,GAAf,eAAe,CAA0C;IAAI,CAAC;IAE3E,KAAK,CAAC,MAAM;QAElB,MAAM,UAAU,GAAG,MAAM,IAAI,CAAC,eAAe,CAAC,OAAO,EAAE,CAAC;QACxD,IAAG,CAAC,UAAU,EAAE,CAAC;YAChB,OAAO,EAAC,MAAM,EAAE,aAAa,EAAE,IAAI,EAAE,EAAC,OAAO,EAAE,sBAAsB,EAAC,EAAE,CAAC;QAC1E,CAAC;QACD,OAAO,EAAE,MAAM,EAAE,SAAS,EAAE,IAAI,EAAE,UAAU,EAAE,CAAC;IAChD,CAAC;CACD;AAXD,oCAWC","sourcesContent":["import CategoriesModel from '../models/CategoriesModel';\nimport { ICategoriesModel,  ICategories } from '../interfaces/ICategories';\nimport { ServiceResponse } from '../interfaces/ServiceResponse';\n\n\n\nexport default class CategoriesService {\n\tconstructor(private categoriesModel: ICategoriesModel = new CategoriesModel() ) {}\n\n\tpublic async getAll(): Promise<ServiceResponse<ICategories[]>> {\n\t\t\n\t\tconst categories = await this.categoriesModel.findAll();\n\t\tif(!categories) {\n\t\t\treturn {status: 'BAD_REQUEST', data: {message: 'Something went wrong'} };\n\t\t}\n\t\treturn { status: 'SUCCESS', data: categories };\n\t}\n}\n"]},"_coverageSchema":"1a1c01bbd47fc00a2c39e90264f33305004495a9","hash":"4a7ba3423195d9d3954579d4f17f1713523aa6e7","contentHash":"0b911f45b921113aa28e73022dfa2fb5ec99a8bc809c2b269ec62f5861b95086"},"/home/ebio/MVP-Delivery-App/app/server/src/models/CategoriesModel.ts":{"path":"/home/ebio/MVP-Delivery-App/app/server/src/models/CategoriesModel.ts","statementMap":{"0":{"start":{"line":2,"column":22},"end":{"line":4,"column":1}},"1":{"start":{"line":3,"column":4},"end":{"line":3,"column":62}},"2":{"start":{"line":5,"column":0},"end":{"line":5,"column":62}},"3":{"start":{"line":6,"column":21},"end":{"line":6,"column":77}},"4":{"start":{"line":9,"column":8},"end":{"line":9,"column":42}},"5":{"start":{"line":12,"column":21},"end":{"line":12,"column":47}},"6":{"start":{"line":13,"column":8},"end":{"line":13,"column":20}},"7":{"start":{"line":16,"column":0},"end":{"line":16,"column":34}}},"fnMap":{"0":{"name":"(anonymous_0)","decl":{"start":{"line":2,"column":56},"end":{"line":2,"column":57}},"loc":{"start":{"line":2,"column":71},"end":{"line":4,"column":1}},"line":2},"1":{"name":"(anonymous_1)","decl":{"start":{"line":8,"column":4},"end":{"line":8,"column":5}},"loc":{"start":{"line":8,"column":18},"end":{"line":10,"column":5}},"line":8},"2":{"name":"(anonymous_2)","decl":{"start":{"line":11,"column":4},"end":{"line":11,"column":5}},"loc":{"start":{"line":11,"column":20},"end":{"line":14,"column":5}},"line":11}},"branchMap":{"0":{"loc":{"start":{"line":2,"column":22},"end":{"line":4,"column":1}},"type":"binary-expr","locations":[{"start":{"line":2,"column":23},"end":{"line":2,"column":27}},{"start":{"line":2,"column":31},"end":{"line":2,"column":51}},{"start":{"line":2,"column":56},"end":{"line":4,"column":1}}],"line":2},"1":{"loc":{"start":{"line":3,"column":11},"end":{"line":3,"column":61}},"type":"cond-expr","locations":[{"start":{"line":3,"column":37},"end":{"line":3,"column":40}},{"start":{"line":3,"column":43},"end":{"line":3,"column":61}}],"line":3},"2":{"loc":{"start":{"line":3,"column":12},"end":{"line":3,"column":33}},"type":"binary-expr","locations":[{"start":{"line":3,"column":12},"end":{"line":3,"column":15}},{"start":{"line":3,"column":19},"end":{"line":3,"column":33}}],"line":3}},"s":{"0":1,"1":1,"2":1,"3":1,"4":1,"5":2,"6":1,"7":1},"f":{"0":1,"1":1,"2":2},"b":{"0":[1,1,1],"1":[1,0],"2":[1,1]},"inputSourceMap":{"version":3,"file":"/home/ebio/MVP-Delivery-App/app/server/src/models/CategoriesModel.ts","sources":["/home/ebio/MVP-Delivery-App/app/server/src/models/CategoriesModel.ts"],"names":[],"mappings":";;;;;AAAA,8EAAsD;AAGtD,MAAqB,eAAe;IAApC;QACS,UAAK,GAAG,oBAAU,CAAC;IAM5B,CAAC;IAJA,KAAK,CAAC,OAAO;QACZ,MAAM,IAAI,GAAG,MAAM,IAAI,CAAC,KAAK,CAAC,OAAO,EAAE,CAAC;QACxC,OAAO,IAAI,CAAC;IACb,CAAC;CACD;AAPD,kCAOC","sourcesContent":["import Categories from '../database/model/Categories';\nimport { ICategoriesModel,  ICategories } from '../interfaces/ICategories';\n\nexport default class CategoriesModel implements ICategoriesModel  {\n\tprivate model = Categories;\n\n\tasync findAll(): Promise<ICategories[]>{\n\t\tconst data = await this.model.findAll();\n\t\treturn data;\n\t}\n}"]},"_coverageSchema":"1a1c01bbd47fc00a2c39e90264f33305004495a9","hash":"abd106d5ecc9967587af05b650c547a0c5884d2b","contentHash":"965acde8a446785a9a8ba669739c7ca44498a8288b00ed9ce91e0b7bcb2bc376"},"/home/ebio/MVP-Delivery-App/app/server/src/database/model/Categories.ts":{"path":"/home/ebio/MVP-Delivery-App/app/server/src/database/model/Categories.ts","statementMap":{"0":{"start":{"line":2,"column":22},"end":{"line":4,"column":1}},"1":{"start":{"line":3,"column":4},"end":{"line":3,"column":62}},"2":{"start":{"line":5,"column":0},"end":{"line":5,"column":62}},"3":{"start":{"line":6,"column":20},"end":{"line":6,"column":40}},"4":{"start":{"line":7,"column":11},"end":{"line":7,"column":40}},"5":{"start":{"line":10,"column":0},"end":{"line":30,"column":3}},"6":{"start":{"line":31,"column":0},"end":{"line":31,"column":29}}},"fnMap":{"0":{"name":"(anonymous_0)","decl":{"start":{"line":2,"column":56},"end":{"line":2,"column":57}},"loc":{"start":{"line":2,"column":71},"end":{"line":4,"column":1}},"line":2}},"branchMap":{"0":{"loc":{"start":{"line":2,"column":22},"end":{"line":4,"column":1}},"type":"binary-expr","locations":[{"start":{"line":2,"column":23},"end":{"line":2,"column":27}},{"start":{"line":2,"column":31},"end":{"line":2,"column":51}},{"start":{"line":2,"column":56},"end":{"line":4,"column":1}}],"line":2},"1":{"loc":{"start":{"line":3,"column":11},"end":{"line":3,"column":61}},"type":"cond-expr","locations":[{"start":{"line":3,"column":37},"end":{"line":3,"column":40}},{"start":{"line":3,"column":43},"end":{"line":3,"column":61}}],"line":3},"2":{"loc":{"start":{"line":3,"column":12},"end":{"line":3,"column":33}},"type":"binary-expr","locations":[{"start":{"line":3,"column":12},"end":{"line":3,"column":15}},{"start":{"line":3,"column":19},"end":{"line":3,"column":33}}],"line":3}},"s":{"0":1,"1":1,"2":1,"3":1,"4":1,"5":1,"6":1},"f":{"0":1},"b":{"0":[1,1,1],"1":[1,0],"2":[1,1]},"inputSourceMap":{"version":3,"file":"/home/ebio/MVP-Delivery-App/app/server/src/database/model/Categories.ts","sources":["/home/ebio/MVP-Delivery-App/app/server/src/database/model/Categories.ts"],"names":[],"mappings":";;;;;AAAA,yCAKmB;AACnB,yCAAmB;AAEnB,MAAM,UAAW,SAAQ,iBACW;CAInC;AAED,UAAU,CAAC,IAAI,CAAC;IACf,EAAE,EAAE;QACH,IAAI,EAAE,qBAAS,CAAC,OAAO;QACvB,SAAS,EAAE,KAAK;QAChB,UAAU,EAAE,IAAI;QAChB,aAAa,EAAE,IAAI;KACnB;IACD,QAAQ,EAAE;QACT,IAAI,EAAE,qBAAS,CAAC,MAAM;QACtB,SAAS,EAAE,KAAK;KAChB;IACD,KAAK,EAAE;QACN,IAAI,EAAE,qBAAS,CAAC,MAAM;QACtB,SAAS,EAAE,KAAK;KAChB;CACD,EAAE;IACF,SAAS,EAAE,UAAE;IACb,SAAS,EAAE,YAAY;IACvB,UAAU,EAAE,KAAK;IACjB,WAAW,EAAE,IAAI;CACjB,CAAC,CAAC;AAEH,kBAAe,UAAU,CAAC","sourcesContent":["import {\n\tDataTypes,\n\tModel,\n\tInferAttributes,\n\tInferCreationAttributes,\n} from 'sequelize';\nimport db from '.';\n\nclass Categories extends Model<InferAttributes<Categories>,\nInferCreationAttributes<Categories>> {\n\tdeclare id: number;\n\tdeclare category: string;\n\tdeclare image: string;\n}\n\nCategories.init({\n\tid: {\n\t\ttype: DataTypes.INTEGER,\n\t\tallowNull: false,\n\t\tprimaryKey: true,\n\t\tautoIncrement: true,\n\t},\n\tcategory: {\n\t\ttype: DataTypes.STRING,\n\t\tallowNull: false,\n\t},\n\timage: {\n\t\ttype: DataTypes.STRING,\n\t\tallowNull: false,\n\t},\n}, {\n\tsequelize: db,\n\tmodelName: 'categories',\n\ttimestamps: false,\n\tunderscored: true,\n});\n\nexport default Categories;\n"]},"_coverageSchema":"1a1c01bbd47fc00a2c39e90264f33305004495a9","hash":"9b04245e06894df3743b13432b613d0fb0b61fae","contentHash":"8428ad7d5f8fecf37a3c7b21404085d504d0f2954851094de28fa91c2a991f84"},"/home/ebio/MVP-Delivery-App/app/server/src/database/model/index.ts":{"path":"/home/ebio/MVP-Delivery-App/app/server/src/database/model/index.ts","statementMap":{"0":{"start":{"line":2,"column":22},"end":{"line":12,"column":3}},"1":{"start":{"line":3,"column":4},"end":{"line":3,"column":33}},"2":{"start":{"line":3,"column":26},"end":{"line":3,"column":33}},"3":{"start":{"line":4,"column":15},"end":{"line":4,"column":52}},"4":{"start":{"line":5,"column":4},"end":{"line":7,"column":5}},"5":{"start":{"line":6,"column":6},"end":{"line":6,"column":68}},"6":{"start":{"line":6,"column":51},"end":{"line":6,"column":63}},"7":{"start":{"line":8,"column":4},"end":{"line":8,"column":39}},"8":{"start":{"line":10,"column":4},"end":{"line":10,"column":33}},"9":{"start":{"line":10,"column":26},"end":{"line":10,"column":33}},"10":{"start":{"line":11,"column":4},"end":{"line":11,"column":17}},"11":{"start":{"line":13,"column":25},"end":{"line":17,"column":2}},"12":{"start":{"line":14,"column":4},"end":{"line":14,"column":72}},"13":{"start":{"line":16,"column":4},"end":{"line":16,"column":21}},"14":{"start":{"line":18,"column":19},"end":{"line":24,"column":1}},"15":{"start":{"line":19,"column":4},"end":{"line":19,"column":42}},"16":{"start":{"line":19,"column":31},"end":{"line":19,"column":42}},"17":{"start":{"line":20,"column":17},"end":{"line":20,"column":19}},"18":{"start":{"line":21,"column":4},"end":{"line":21,"column":141}},"19":{"start":{"line":21,"column":21},"end":{"line":21,"column":141}},"20":{"start":{"line":21,"column":40},"end":{"line":21,"column":141}},"21":{"start":{"line":21,"column":109},"end":{"line":21,"column":141}},"22":{"start":{"line":22,"column":4},"end":{"line":22,"column":36}},"23":{"start":{"line":23,"column":4},"end":{"line":23,"column":18}},"24":{"start":{"line":25,"column":0},"end":{"line":25,"column":62}},"25":{"start":{"line":26,"column":20},"end":{"line":26,"column":40}},"26":{"start":{"line":27,"column":15},"end":{"line":27,"column":58}},"27":{"start":{"line":28,"column":18},"end":{"line":28,"column":51}},"28":{"start":{"line":29,"column":0},"end":{"line":29,"column":28}}},"fnMap":{"0":{"name":"(anonymous_0)","decl":{"start":{"line":2,"column":74},"end":{"line":2,"column":75}},"loc":{"start":{"line":2,"column":96},"end":{"line":9,"column":1}},"line":2},"1":{"name":"(anonymous_1)","decl":{"start":{"line":6,"column":38},"end":{"line":6,"column":39}},"loc":{"start":{"line":6,"column":49},"end":{"line":6,"column":65}},"line":6},"2":{"name":"(anonymous_2)","decl":{"start":{"line":9,"column":6},"end":{"line":9,"column":7}},"loc":{"start":{"line":9,"column":28},"end":{"line":12,"column":1}},"line":9},"3":{"name":"(anonymous_3)","decl":{"start":{"line":13,"column":80},"end":{"line":13,"column":81}},"loc":{"start":{"line":13,"column":95},"end":{"line":15,"column":1}},"line":13},"4":{"name":"(anonymous_4)","decl":{"start":{"line":15,"column":5},"end":{"line":15,"column":6}},"loc":{"start":{"line":15,"column":20},"end":{"line":17,"column":1}},"line":15},"5":{"name":"(anonymous_5)","decl":{"start":{"line":18,"column":50},"end":{"line":18,"column":51}},"loc":{"start":{"line":18,"column":65},"end":{"line":24,"column":1}},"line":18}},"branchMap":{"0":{"loc":{"start":{"line":2,"column":22},"end":{"line":12,"column":3}},"type":"binary-expr","locations":[{"start":{"line":2,"column":23},"end":{"line":2,"column":27}},{"start":{"line":2,"column":31},"end":{"line":2,"column":51}},{"start":{"line":2,"column":57},"end":{"line":12,"column":2}}],"line":2},"1":{"loc":{"start":{"line":2,"column":57},"end":{"line":12,"column":2}},"type":"cond-expr","locations":[{"start":{"line":2,"column":74},"end":{"line":9,"column":1}},{"start":{"line":9,"column":6},"end":{"line":12,"column":1}}],"line":2},"2":{"loc":{"start":{"line":3,"column":4},"end":{"line":3,"column":33}},"type":"if","locations":[{"start":{"line":3,"column":4},"end":{"line":3,"column":33}},{"start":{"line":3,"column":4},"end":{"line":3,"column":33}}],"line":3},"3":{"loc":{"start":{"line":5,"column":4},"end":{"line":7,"column":5}},"type":"if","locations":[{"start":{"line":5,"column":4},"end":{"line":7,"column":5}},{"start":{"line":5,"column":4},"end":{"line":7,"column":5}}],"line":5},"4":{"loc":{"start":{"line":5,"column":8},"end":{"line":5,"column":85}},"type":"binary-expr","locations":[{"start":{"line":5,"column":8},"end":{"line":5,"column":13}},{"start":{"line":5,"column":18},"end":{"line":5,"column":84}}],"line":5},"5":{"loc":{"start":{"line":5,"column":18},"end":{"line":5,"column":84}},"type":"cond-expr","locations":[{"start":{"line":5,"column":34},"end":{"line":5,"column":47}},{"start":{"line":5,"column":50},"end":{"line":5,"column":84}}],"line":5},"6":{"loc":{"start":{"line":5,"column":50},"end":{"line":5,"column":84}},"type":"binary-expr","locations":[{"start":{"line":5,"column":50},"end":{"line":5,"column":63}},{"start":{"line":5,"column":67},"end":{"line":5,"column":84}}],"line":5},"7":{"loc":{"start":{"line":10,"column":4},"end":{"line":10,"column":33}},"type":"if","locations":[{"start":{"line":10,"column":4},"end":{"line":10,"column":33}},{"start":{"line":10,"column":4},"end":{"line":10,"column":33}}],"line":10},"8":{"loc":{"start":{"line":13,"column":25},"end":{"line":17,"column":2}},"type":"binary-expr","locations":[{"start":{"line":13,"column":26},"end":{"line":13,"column":30}},{"start":{"line":13,"column":34},"end":{"line":13,"column":57}},{"start":{"line":13,"column":63},"end":{"line":17,"column":1}}],"line":13},"9":{"loc":{"start":{"line":13,"column":63},"end":{"line":17,"column":1}},"type":"cond-expr","locations":[{"start":{"line":13,"column":80},"end":{"line":15,"column":1}},{"start":{"line":15,"column":5},"end":{"line":17,"column":1}}],"line":13},"10":{"loc":{"start":{"line":18,"column":19},"end":{"line":24,"column":1}},"type":"binary-expr","locations":[{"start":{"line":18,"column":20},"end":{"line":18,"column":24}},{"start":{"line":18,"column":28},"end":{"line":18,"column":45}},{"start":{"line":18,"column":50},"end":{"line":24,"column":1}}],"line":18},"11":{"loc":{"start":{"line":19,"column":4},"end":{"line":19,"column":42}},"type":"if","locations":[{"start":{"line":19,"column":4},"end":{"line":19,"column":42}},{"start":{"line":19,"column":4},"end":{"line":19,"column":42}}],"line":19},"12":{"loc":{"start":{"line":19,"column":8},"end":{"line":19,"column":29}},"type":"binary-expr","locations":[{"start":{"line":19,"column":8},"end":{"line":19,"column":11}},{"start":{"line":19,"column":15},"end":{"line":19,"column":29}}],"line":19},"13":{"loc":{"start":{"line":21,"column":4},"end":{"line":21,"column":141}},"type":"if","locations":[{"start":{"line":21,"column":4},"end":{"line":21,"column":141}},{"start":{"line":21,"column":4},"end":{"line":21,"column":141}}],"line":21},"14":{"loc":{"start":{"line":21,"column":40},"end":{"line":21,"column":141}},"type":"if","locations":[{"start":{"line":21,"column":40},"end":{"line":21,"column":141}},{"start":{"line":21,"column":40},"end":{"line":21,"column":141}}],"line":21},"15":{"loc":{"start":{"line":21,"column":44},"end":{"line":21,"column":107}},"type":"binary-expr","locations":[{"start":{"line":21,"column":44},"end":{"line":21,"column":59}},{"start":{"line":21,"column":63},"end":{"line":21,"column":107}}],"line":21}},"s":{"0":1,"1":8,"2":8,"3":8,"4":8,"5":8,"6":18,"7":8,"8":0,"9":0,"10":0,"11":1,"12":1,"13":0,"14":1,"15":1,"16":0,"17":1,"18":1,"19":1,"20":8,"21":8,"22":1,"23":1,"24":1,"25":1,"26":1,"27":1,"28":1},"f":{"0":8,"1":18,"2":0,"3":1,"4":0,"5":1},"b":{"0":[1,1,1],"1":[1,0],"2":[8,0],"3":[8,0],"4":[8,8],"5":[0,8],"6":[8,0],"7":[0,0],"8":[1,1,1],"9":[1,0],"10":[1,1,1],"11":[0,1],"12":[1,1],"13":[1,0],"14":[8,0],"15":[8,8]},"inputSourceMap":{"version":3,"file":"/home/ebio/MVP-Delivery-App/app/server/src/database/model/index.ts","sources":["/home/ebio/MVP-Delivery-App/app/server/src/database/model/index.ts"],"names":[],"mappings":";;;;;;;;;;;;;;;;;;;;;;;;;AAAA,yCAAsC;AACtC,2DAA6C;AAG7C,MAAM,SAAS,GAAG,IAAI,qBAAS,CAAC,MAAM,CAAC,CAAC;AAExC,kBAAe,SAAS,CAAC","sourcesContent":["import { Sequelize } from 'sequelize';\nimport * as config from '../config/database';\n\n\nconst sequelize = new Sequelize(config);\n\nexport default sequelize;"]},"_coverageSchema":"1a1c01bbd47fc00a2c39e90264f33305004495a9","hash":"308201c975140d12b647e4aa4df128c06db93684","contentHash":"db004cdf44929d53f5a439df1af3c7c5c7ce9cbe86ebb099b23a5f0ecb1df386"},"/home/ebio/MVP-Delivery-App/app/server/src/database/config/database.ts":{"path":"/home/ebio/MVP-Delivery-App/app/server/src/database/config/database.ts","statementMap":{"0":{"start":{"line":2,"column":15},"end":{"line":13,"column":1}},"1":{"start":{"line":14,"column":0},"end":{"line":14,"column":24}}},"fnMap":{},"branchMap":{"0":{"loc":{"start":{"line":3,"column":14},"end":{"line":3,"column":43}},"type":"binary-expr","locations":[{"start":{"line":3,"column":14},"end":{"line":3,"column":33}},{"start":{"line":3,"column":37},"end":{"line":3,"column":43}}],"line":3},"1":{"loc":{"start":{"line":4,"column":14},"end":{"line":4,"column":45}},"type":"binary-expr","locations":[{"start":{"line":4,"column":14},"end":{"line":4,"column":33}},{"start":{"line":4,"column":37},"end":{"line":4,"column":45}}],"line":4},"2":{"loc":{"start":{"line":6,"column":10},"end":{"line":6,"column":44}},"type":"binary-expr","locations":[{"start":{"line":6,"column":10},"end":{"line":6,"column":29}},{"start":{"line":6,"column":33},"end":{"line":6,"column":44}}],"line":6},"3":{"loc":{"start":{"line":7,"column":10},"end":{"line":7,"column":45}},"type":"binary-expr","locations":[{"start":{"line":7,"column":10},"end":{"line":7,"column":37}},{"start":{"line":7,"column":41},"end":{"line":7,"column":45}}],"line":7}},"s":{"0":1,"1":1},"f":{},"b":{"0":[1,1],"1":[1,1],"2":[1,1],"3":[1,1]},"inputSourceMap":{"version":3,"file":"/home/ebio/MVP-Delivery-App/app/server/src/database/config/database.ts","sources":["/home/ebio/MVP-Delivery-App/app/server/src/database/config/database.ts"],"names":[],"mappings":";AAIA,MAAM,MAAM,GAAY;IACvB,QAAQ,EAAE,OAAO,CAAC,GAAG,CAAC,OAAO,IAAI,MAAM;IACvC,QAAQ,EAAE,OAAO,CAAC,GAAG,CAAC,OAAO,IAAI,QAAQ;IACzC,QAAQ,EAAE,IAAI;IACd,IAAI,EAAE,OAAO,CAAC,GAAG,CAAC,OAAO,IAAI,WAAW;IACxC,IAAI,EAAE,MAAM,CAAC,OAAO,CAAC,GAAG,CAAC,OAAO,CAAC,IAAI,IAAI;IACzC,OAAO,EAAE,OAAO;IAChB,cAAc,EAAE;QACf,QAAQ,EAAE,GAAG;KACb;IACD,OAAO,EAAE,KAAK;CACd,CAAC;AAEF,iBAAS,MAAM,CAAC","sourcesContent":["import { Options } from 'sequelize';\n\n\n\nconst config: Options = {\n\tusername: process.env.DB_USER || 'root',\n\tpassword: process.env.DB_PASS || '123456',\n\tdatabase: 'db',\n\thost: process.env.DB_HOST || 'localhost',\n\tport: Number(process.env.DB_PORT) || 3306,\n\tdialect: 'mysql',\n\tdialectOptions: {\n\t\ttimezone: 'Z',\n\t},\n\tlogging: false,\n};\n\nexport = config;\n"]},"_coverageSchema":"1a1c01bbd47fc00a2c39e90264f33305004495a9","hash":"0f277a48ea0a8d3d4f906db34c81d0b8f67c2de7","contentHash":"e76c1b72d012c274b536157c524d0b759987d0402954b7968cc0c73c890af902"},"/home/ebio/MVP-Delivery-App/app/server/src/utils/mapStatusHTTP.ts":{"path":"/home/ebio/MVP-Delivery-App/app/server/src/utils/mapStatusHTTP.ts","statementMap":{"0":{"start":{"line":2,"column":0},"end":{"line":2,"column":62}},"1":{"start":{"line":4,"column":4},"end":{"line":21,"column":5}},"2":{"start":{"line":6,"column":12},"end":{"line":6,"column":23}},"3":{"start":{"line":8,"column":12},"end":{"line":8,"column":23}},"4":{"start":{"line":10,"column":12},"end":{"line":10,"column":23}},"5":{"start":{"line":12,"column":12},"end":{"line":12,"column":23}},"6":{"start":{"line":14,"column":12},"end":{"line":14,"column":23}},"7":{"start":{"line":16,"column":12},"end":{"line":16,"column":23}},"8":{"start":{"line":18,"column":12},"end":{"line":18,"column":23}},"9":{"start":{"line":20,"column":12},"end":{"line":20,"column":23}},"10":{"start":{"line":23,"column":0},"end":{"line":23,"column":32}}},"fnMap":{"0":{"name":"mapStatusHTTP","decl":{"start":{"line":3,"column":9},"end":{"line":3,"column":22}},"loc":{"start":{"line":3,"column":31},"end":{"line":22,"column":1}},"line":3}},"branchMap":{"0":{"loc":{"start":{"line":4,"column":4},"end":{"line":21,"column":5}},"type":"switch","locations":[{"start":{"line":5,"column":8},"end":{"line":6,"column":23}},{"start":{"line":7,"column":8},"end":{"line":8,"column":23}},{"start":{"line":9,"column":8},"end":{"line":10,"column":23}},{"start":{"line":11,"column":8},"end":{"line":12,"column":23}},{"start":{"line":13,"column":8},"end":{"line":14,"column":23}},{"start":{"line":15,"column":8},"end":{"line":16,"column":23}},{"start":{"line":17,"column":8},"end":{"line":18,"column":23}},{"start":{"line":19,"column":8},"end":{"line":20,"column":23}}],"line":4}},"s":{"0":1,"1":1,"2":1,"3":0,"4":0,"5":0,"6":0,"7":0,"8":0,"9":0,"10":1},"f":{"0":1},"b":{"0":[1,0,0,0,0,0,0,0]},"inputSourceMap":{"version":3,"file":"/home/ebio/MVP-Delivery-App/app/server/src/utils/mapStatusHTTP.ts","sources":["/home/ebio/MVP-Delivery-App/app/server/src/utils/mapStatusHTTP.ts"],"names":[],"mappings":";;AAAA,SAAwB,aAAa,CAAC,MAAc;IACnD,QAAQ,MAAM,EAAE,CAAC;QACjB,KAAK,SAAS;YACb,OAAO,GAAG,CAAC;QACZ,KAAK,SAAS;YACb,OAAO,GAAG,CAAC;QACZ,KAAK,cAAc;YAClB,OAAO,GAAG,CAAC;QACZ,KAAK,cAAc;YAClB,OAAO,GAAG,CAAC;QACZ,KAAK,WAAW;YACf,OAAO,GAAG,CAAC;QACZ,KAAK,UAAU;YACd,OAAO,GAAG,CAAC;QACZ,KAAK,OAAO;YACX,OAAO,GAAG,CAAC;QACZ;YACC,OAAO,GAAG,CAAC;IACZ,CAAC;AACF,CAAC;AAnBD,gCAmBC","sourcesContent":["export default function mapStatusHTTP(status: string): number {\n\tswitch (status) {\n\tcase 'SUCCESS':\n\t\treturn 200;\n\tcase 'CREATED':\n\t\treturn 201;\n\tcase 'INVALID_DATA':\n\t\treturn 400;\n\tcase 'UNAUTHORIZED':\n\t\treturn 401;\n\tcase 'NOT_FOUND':\n\t\treturn 404;\n\tcase 'CONFLICT':\n\t\treturn 409;\n\tcase 'ERROR':\n\t\treturn 422;\n\tdefault:\n\t\treturn 500;\n\t}\n}\n"]},"_coverageSchema":"1a1c01bbd47fc00a2c39e90264f33305004495a9","hash":"d9a5f1592a8ba8ec0745e9fa17613a6204d182e2","contentHash":"0e5a8f803a8f463107f5b51a43340f8716028e6200e8909c73d9a2799c815743"},"/home/ebio/MVP-Delivery-App/app/server/src/routes/products.routes.ts":{"path":"/home/ebio/MVP-Delivery-App/app/server/src/routes/products.routes.ts","statementMap":{"0":{"start":{"line":2,"column":22},"end":{"line":4,"column":1}},"1":{"start":{"line":3,"column":4},"end":{"line":3,"column":62}},"2":{"start":{"line":5,"column":0},"end":{"line":5,"column":62}},"3":{"start":{"line":6,"column":18},"end":{"line":6,"column":36}},"4":{"start":{"line":7,"column":30},"end":{"line":7,"column":92}},"5":{"start":{"line":8,"column":27},"end":{"line":8,"column":62}},"6":{"start":{"line":9,"column":15},"end":{"line":9,"column":38}},"7":{"start":{"line":10,"column":0},"end":{"line":10,"column":67}},"8":{"start":{"line":10,"column":30},"end":{"line":10,"column":65}},"9":{"start":{"line":11,"column":0},"end":{"line":11,"column":86}},"10":{"start":{"line":11,"column":38},"end":{"line":11,"column":84}},"11":{"start":{"line":12,"column":0},"end":{"line":12,"column":25}}},"fnMap":{"0":{"name":"(anonymous_0)","decl":{"start":{"line":2,"column":56},"end":{"line":2,"column":57}},"loc":{"start":{"line":2,"column":71},"end":{"line":4,"column":1}},"line":2},"1":{"name":"(anonymous_1)","decl":{"start":{"line":10,"column":16},"end":{"line":10,"column":17}},"loc":{"start":{"line":10,"column":30},"end":{"line":10,"column":65}},"line":10},"2":{"name":"(anonymous_2)","decl":{"start":{"line":11,"column":24},"end":{"line":11,"column":25}},"loc":{"start":{"line":11,"column":38},"end":{"line":11,"column":84}},"line":11}},"branchMap":{"0":{"loc":{"start":{"line":2,"column":22},"end":{"line":4,"column":1}},"type":"binary-expr","locations":[{"start":{"line":2,"column":23},"end":{"line":2,"column":27}},{"start":{"line":2,"column":31},"end":{"line":2,"column":51}},{"start":{"line":2,"column":56},"end":{"line":4,"column":1}}],"line":2},"1":{"loc":{"start":{"line":3,"column":11},"end":{"line":3,"column":61}},"type":"cond-expr","locations":[{"start":{"line":3,"column":37},"end":{"line":3,"column":40}},{"start":{"line":3,"column":43},"end":{"line":3,"column":61}}],"line":3},"2":{"loc":{"start":{"line":3,"column":12},"end":{"line":3,"column":33}},"type":"binary-expr","locations":[{"start":{"line":3,"column":12},"end":{"line":3,"column":15}},{"start":{"line":3,"column":19},"end":{"line":3,"column":33}}],"line":3}},"s":{"0":1,"1":1,"2":1,"3":1,"4":1,"5":1,"6":1,"7":1,"8":0,"9":1,"10":0,"11":1},"f":{"0":1,"1":0,"2":0},"b":{"0":[1,1,1],"1":[1,0],"2":[1,1]},"inputSourceMap":{"version":3,"file":"/home/ebio/MVP-Delivery-App/app/server/src/routes/products.routes.ts","sources":["/home/ebio/MVP-Delivery-App/app/server/src/routes/products.routes.ts"],"names":[],"mappings":";;;;;AAAA,qCAAoD;AACpD,6FAAoE;AAEpE,MAAM,kBAAkB,GAAG,IAAI,6BAAkB,EAAE,CAAC;AACpD,MAAM,MAAM,GAAG,IAAA,gBAAM,GAAE,CAAC;AAExB,MAAM,CAAC,GAAG,CAAC,GAAG,EAAE,CAAC,GAAY,EAAE,GAAa,EAAE,EAAE,CAAC,kBAAkB,CAAC,MAAM,CAAC,GAAG,EAAE,GAAG,CAAC,CAAC,CAAC;AACtF,MAAM,CAAC,GAAG,CAAC,WAAW,EAAE,CAAC,GAAY,EAAE,GAAa,EAAE,EAAE,CAAC,kBAAkB,CAAC,iBAAiB,CAAC,GAAG,EAAE,GAAG,CAAC,CAAC,CAAC;AAEzG,kBAAe,MAAM,CAAC","sourcesContent":["import { Request, Response, Router } from 'express';\nimport ProductsController from '../controllers/ProductsControllers';\n\nconst productsController = new ProductsController();\nconst router = Router();\n\nrouter.get('/', (req: Request, res: Response) => productsController.getAll(req, res));\nrouter.get('/type/:id', (req: Request, res: Response) => productsController.findByProductType(req, res));\n\nexport default router;\n\n"]},"_coverageSchema":"1a1c01bbd47fc00a2c39e90264f33305004495a9","hash":"b3f7e1bbdecdbfa8dc72ff3c62c6ca30bbb3ce03","contentHash":"b4674c09b6008388988efce3fe203c15c4195567aff31b9021ed35ce9faaa97b"},"/home/ebio/MVP-Delivery-App/app/server/src/controllers/ProductsControllers.ts":{"path":"/home/ebio/MVP-Delivery-App/app/server/src/controllers/ProductsControllers.ts","statementMap":{"0":{"start":{"line":2,"column":22},"end":{"line":4,"column":1}},"1":{"start":{"line":3,"column":4},"end":{"line":3,"column":62}},"2":{"start":{"line":5,"column":0},"end":{"line":5,"column":62}},"3":{"start":{"line":6,"column":26},"end":{"line":6,"column":81}},"4":{"start":{"line":7,"column":24},"end":{"line":7,"column":74}},"5":{"start":{"line":10,"column":8},"end":{"line":10,"column":47}},"6":{"start":{"line":13,"column":8},"end":{"line":21,"column":9}},"7":{"start":{"line":14,"column":37},"end":{"line":14,"column":72}},"8":{"start":{"line":15,"column":12},"end":{"line":15,"column":79}},"9":{"start":{"line":18,"column":29},"end":{"line":18,"column":64}},"10":{"start":{"line":19,"column":12},"end":{"line":19,"column":30}},"11":{"start":{"line":20,"column":12},"end":{"line":20,"column":71}},"12":{"start":{"line":24,"column":8},"end":{"line":35,"column":9}},"13":{"start":{"line":25,"column":27},"end":{"line":25,"column":37}},"14":{"start":{"line":26,"column":12},"end":{"line":28,"column":13}},"15":{"start":{"line":27,"column":16},"end":{"line":27,"column":89}},"16":{"start":{"line":29,"column":37},"end":{"line":29,"column":93}},"17":{"start":{"line":30,"column":12},"end":{"line":30,"column":79}},"18":{"start":{"line":33,"column":12},"end":{"line":33,"column":27}},"19":{"start":{"line":34,"column":12},"end":{"line":34,"column":71}},"20":{"start":{"line":38,"column":0},"end":{"line":38,"column":37}}},"fnMap":{"0":{"name":"(anonymous_0)","decl":{"start":{"line":2,"column":56},"end":{"line":2,"column":57}},"loc":{"start":{"line":2,"column":71},"end":{"line":4,"column":1}},"line":2},"1":{"name":"(anonymous_1)","decl":{"start":{"line":9,"column":4},"end":{"line":9,"column":5}},"loc":{"start":{"line":9,"column":67},"end":{"line":11,"column":5}},"line":9},"2":{"name":"(anonymous_2)","decl":{"start":{"line":12,"column":4},"end":{"line":12,"column":5}},"loc":{"start":{"line":12,"column":28},"end":{"line":22,"column":5}},"line":12},"3":{"name":"(anonymous_3)","decl":{"start":{"line":23,"column":4},"end":{"line":23,"column":5}},"loc":{"start":{"line":23,"column":38},"end":{"line":36,"column":5}},"line":23}},"branchMap":{"0":{"loc":{"start":{"line":2,"column":22},"end":{"line":4,"column":1}},"type":"binary-expr","locations":[{"start":{"line":2,"column":23},"end":{"line":2,"column":27}},{"start":{"line":2,"column":31},"end":{"line":2,"column":51}},{"start":{"line":2,"column":56},"end":{"line":4,"column":1}}],"line":2},"1":{"loc":{"start":{"line":3,"column":11},"end":{"line":3,"column":61}},"type":"cond-expr","locations":[{"start":{"line":3,"column":37},"end":{"line":3,"column":40}},{"start":{"line":3,"column":43},"end":{"line":3,"column":61}}],"line":3},"2":{"loc":{"start":{"line":3,"column":12},"end":{"line":3,"column":33}},"type":"binary-expr","locations":[{"start":{"line":3,"column":12},"end":{"line":3,"column":15}},{"start":{"line":3,"column":19},"end":{"line":3,"column":33}}],"line":3},"3":{"loc":{"start":{"line":9,"column":16},"end":{"line":9,"column":65}},"type":"default-arg","locations":[{"start":{"line":9,"column":34},"end":{"line":9,"column":65}}],"line":9},"4":{"loc":{"start":{"line":26,"column":12},"end":{"line":28,"column":13}},"type":"if","locations":[{"start":{"line":26,"column":12},"end":{"line":28,"column":13}},{"start":{"line":26,"column":12},"end":{"line":28,"column":13}}],"line":26}},"s":{"0":1,"1":2,"2":1,"3":1,"4":1,"5":1,"6":0,"7":0,"8":0,"9":0,"10":0,"11":0,"12":0,"13":0,"14":0,"15":0,"16":0,"17":0,"18":0,"19":0,"20":1},"f":{"0":2,"1":1,"2":0,"3":0},"b":{"0":[1,1,1],"1":[2,0],"2":[2,2],"3":[1],"4":[0,0]},"inputSourceMap":{"version":3,"file":"/home/ebio/MVP-Delivery-App/app/server/src/controllers/ProductsControllers.ts","sources":["/home/ebio/MVP-Delivery-App/app/server/src/controllers/ProductsControllers.ts"],"names":[],"mappings":";;;;;AACA,kFAA0D;AAC1D,2EAAmD;AAEnD,MAAqB,kBAAkB;IACtC,YAAoB,kBAAkB,IAAI,yBAAe,EAAE;QAAvC,oBAAe,GAAf,eAAe,CAAwB;IAAG,CAAC;IAExD,KAAK,CAAC,MAAM,CAAC,IAAa,EAAE,GAAa;QAC/C,IAAI,CAAC;YACJ,MAAM,EAAC,MAAM,EAAE,IAAI,EAAC,GAAG,MAAM,IAAI,CAAC,eAAe,CAAC,MAAM,EAAE,CAAC;YAC3D,OAAO,GAAG,CAAC,MAAM,CAAC,IAAA,uBAAa,EAAC,MAAM,CAAC,CAAC,CAAC,IAAI,CAAC,IAAI,CAAC,CAAC;QACrD,CAAC;QACD,MAAM,CAAC;YACN,MAAM,EAAE,IAAI,EAAE,GAAG,MAAM,IAAI,CAAC,eAAe,CAAC,MAAM,EAAE,CAAC;YACrD,OAAO,CAAC,GAAG,CAAC,IAAI,CAAC,CAAC;YAElB,OAAO,GAAG,CAAC,MAAM,CAAC,GAAG,CAAC,CAAC,IAAI,CAAC,EAAC,OAAO,EAAE,gBAAgB,EAAC,CAAC,CAAC;QAC1D,CAAC;IACF,CAAC;IAEM,KAAK,CAAC,iBAAiB,CAAC,GAAY,EAAE,GAAa;QACzD,IAAI,CAAC;YACJ,MAAM,EAAE,EAAE,EAAE,GAAG,GAAG,CAAC,MAAM,CAAC;YAC1B,IAAG,CAAC,EAAE,EAAE,CAAC;gBACR,OAAO,GAAG,CAAC,MAAM,CAAC,GAAG,CAAC,CAAC,IAAI,CAAC,EAAE,OAAO,EAAE,8BAA8B,EAAE,CAAC,CAAC;YAC1E,CAAC;YACD,MAAM,EAAC,MAAM,EAAE,IAAI,EAAC,GAAG,MAAM,IAAI,CAAC,eAAe,CAAC,iBAAiB,CAAC,MAAM,CAAC,EAAE,CAAC,CAAC,CAAC;YAChF,OAAO,GAAG,CAAC,MAAM,CAAC,IAAA,uBAAa,EAAC,MAAM,CAAC,CAAC,CAAC,IAAI,CAAC,IAAI,CAAC,CAAC;QACrD,CAAC;QACD,OAAM,CAAC,EAAE,CAAC;YACT,OAAO,CAAC,GAAG,CAAC,CAAC,CAAC,CAAC;YACf,OAAO,GAAG,CAAC,MAAM,CAAC,GAAG,CAAC,CAAC,IAAI,CAAC,EAAC,OAAO,EAAE,gBAAgB,EAAC,CAAC,CAAC;QAC1D,CAAC;IACF,CAAC;CACD;AA9BD,qCA8BC","sourcesContent":["import { Request, Response } from 'express';\nimport ProductsService from '../services/ProductsService';\nimport mapStatusHTTP from '../utils/mapStatusHTTP';\n\nexport default class ProductsController {\n\tconstructor(private productsService = new ProductsService()) {}\n\n\tpublic async getAll(_req: Request, res: Response) {\n\t\ttry {\n\t\t\tconst {status, data} = await this.productsService.getAll();\n\t\t\treturn res.status(mapStatusHTTP(status)).json(data);\n\t\t}\n\t\tcatch {\n\t\t\tconst { data } = await this.productsService.getAll();\n\t\t\tconsole.log(data);\n\t\t\n\t\t\treturn res.status(500).json({message: 'Internal Error'});\n\t\t}\n\t}\n\n\tpublic async findByProductType(req: Request, res: Response) {\n\t\ttry {\n\t\t\tconst { id } = req.params;\n\t\t\tif(!id) {\n\t\t\t\treturn res.status(400).json({ message: 'The id parameter is required' });\n\t\t\t}\n\t\t\tconst {status, data} = await this.productsService.findByProductType(Number(id));\n\t\t\treturn res.status(mapStatusHTTP(status)).json(data);\n\t\t}\n\t\tcatch(e) {\n\t\t\tconsole.log(e);\n\t\t\treturn res.status(500).json({message: 'Internal Error'});\n\t\t}\n\t}\n}\n"]},"_coverageSchema":"1a1c01bbd47fc00a2c39e90264f33305004495a9","hash":"6a101f8c0687c92d930c90263a8b099a47c95657","contentHash":"a5e8d3f0e7bf6b89da57879386f21f4cb8d1b867f456fee22a2a8ab9bab3fab5"},"/home/ebio/MVP-Delivery-App/app/server/src/services/ProductsService.ts":{"path":"/home/ebio/MVP-Delivery-App/app/server/src/services/ProductsService.ts","statementMap":{"0":{"start":{"line":2,"column":22},"end":{"line":4,"column":1}},"1":{"start":{"line":3,"column":4},"end":{"line":3,"column":62}},"2":{"start":{"line":5,"column":0},"end":{"line":5,"column":62}},"3":{"start":{"line":6,"column":24},"end":{"line":6,"column":75}},"4":{"start":{"line":9,"column":8},"end":{"line":9,"column":43}},"5":{"start":{"line":12,"column":25},"end":{"line":12,"column":59}},"6":{"start":{"line":13,"column":8},"end":{"line":15,"column":9}},"7":{"start":{"line":14,"column":12},"end":{"line":14,"column":88}},"8":{"start":{"line":16,"column":8},"end":{"line":16,"column":53}},"9":{"start":{"line":19,"column":25},"end":{"line":19,"column":71}},"10":{"start":{"line":20,"column":8},"end":{"line":22,"column":9}},"11":{"start":{"line":21,"column":12},"end":{"line":21,"column":88}},"12":{"start":{"line":23,"column":8},"end":{"line":23,"column":53}},"13":{"start":{"line":26,"column":0},"end":{"line":26,"column":34}}},"fnMap":{"0":{"name":"(anonymous_0)","decl":{"start":{"line":2,"column":56},"end":{"line":2,"column":57}},"loc":{"start":{"line":2,"column":71},"end":{"line":4,"column":1}},"line":2},"1":{"name":"(anonymous_1)","decl":{"start":{"line":8,"column":4},"end":{"line":8,"column":5}},"loc":{"start":{"line":8,"column":63},"end":{"line":10,"column":5}},"line":8},"2":{"name":"(anonymous_2)","decl":{"start":{"line":11,"column":4},"end":{"line":11,"column":5}},"loc":{"start":{"line":11,"column":19},"end":{"line":17,"column":5}},"line":11},"3":{"name":"(anonymous_3)","decl":{"start":{"line":18,"column":4},"end":{"line":18,"column":5}},"loc":{"start":{"line":18,"column":32},"end":{"line":24,"column":5}},"line":18}},"branchMap":{"0":{"loc":{"start":{"line":2,"column":22},"end":{"line":4,"column":1}},"type":"binary-expr","locations":[{"start":{"line":2,"column":23},"end":{"line":2,"column":27}},{"start":{"line":2,"column":31},"end":{"line":2,"column":51}},{"start":{"line":2,"column":56},"end":{"line":4,"column":1}}],"line":2},"1":{"loc":{"start":{"line":3,"column":11},"end":{"line":3,"column":61}},"type":"cond-expr","locations":[{"start":{"line":3,"column":37},"end":{"line":3,"column":40}},{"start":{"line":3,"column":43},"end":{"line":3,"column":61}}],"line":3},"2":{"loc":{"start":{"line":3,"column":12},"end":{"line":3,"column":33}},"type":"binary-expr","locations":[{"start":{"line":3,"column":12},"end":{"line":3,"column":15}},{"start":{"line":3,"column":19},"end":{"line":3,"column":33}}],"line":3},"3":{"loc":{"start":{"line":8,"column":16},"end":{"line":8,"column":61}},"type":"default-arg","locations":[{"start":{"line":8,"column":32},"end":{"line":8,"column":61}}],"line":8},"4":{"loc":{"start":{"line":13,"column":8},"end":{"line":15,"column":9}},"type":"if","locations":[{"start":{"line":13,"column":8},"end":{"line":15,"column":9}},{"start":{"line":13,"column":8},"end":{"line":15,"column":9}}],"line":13},"5":{"loc":{"start":{"line":20,"column":8},"end":{"line":22,"column":9}},"type":"if","locations":[{"start":{"line":20,"column":8},"end":{"line":22,"column":9}},{"start":{"line":20,"column":8},"end":{"line":22,"column":9}}],"line":20}},"s":{"0":1,"1":1,"2":1,"3":1,"4":1,"5":0,"6":0,"7":0,"8":0,"9":0,"10":0,"11":0,"12":0,"13":1},"f":{"0":1,"1":1,"2":0,"3":0},"b":{"0":[1,1,1],"1":[1,0],"2":[1,1],"3":[1],"4":[0,0],"5":[0,0]},"inputSourceMap":{"version":3,"file":"/home/ebio/MVP-Delivery-App/app/server/src/services/ProductsService.ts","sources":["/home/ebio/MVP-Delivery-App/app/server/src/services/ProductsService.ts"],"names":[],"mappings":";;;;;AAAA,4EAAoD;AAKpD,MAAqB,eAAe;IACnC,YAAoB,gBAAgC,IAAI,uBAAa,EAAE;QAAnD,kBAAa,GAAb,aAAa,CAAsC;IAAI,CAAC;IAErE,KAAK,CAAC,MAAM;QAClB,MAAM,QAAQ,GAAG,MAAM,IAAI,CAAC,aAAa,CAAC,OAAO,EAAE,CAAC;QACpD,IAAG,CAAC,QAAQ,EAAE,CAAC;YACd,OAAO,EAAC,MAAM,EAAE,aAAa,EAAE,IAAI,EAAE,EAAC,OAAO,EAAE,sBAAsB,EAAC,EAAE,CAAC;QAC1E,CAAC;QACD,OAAO,EAAE,MAAM,EAAE,SAAS,EAAE,IAAI,EAAE,QAAQ,EAAE,CAAC;IAC9C,CAAC;IACM,KAAK,CAAC,iBAAiB,CAAC,EAAU;QACxC,MAAM,QAAQ,GAAG,MAAM,IAAI,CAAC,aAAa,CAAC,iBAAiB,CAAC,EAAE,CAAC,CAAC;QAChE,IAAG,CAAC,QAAQ,EAAE,CAAC;YACd,OAAO,EAAC,MAAM,EAAE,aAAa,EAAE,IAAI,EAAE,EAAC,OAAO,EAAE,sBAAsB,EAAC,EAAE,CAAC;QAC1E,CAAC;QACD,OAAO,EAAE,MAAM,EAAE,SAAS,EAAE,IAAI,EAAE,QAAQ,EAAE,CAAC;IAC9C,CAAC;CACD;AAjBD,kCAiBC","sourcesContent":["import ProductsModel from '../models/ProductsModel';\nimport { IProducts, IProductsModel } from '../interfaces/IProducts';\nimport { ServiceResponse } from '../interfaces/ServiceResponse';\n\n\nexport default class ProductsService {\n\tconstructor(private productsModel: IProductsModel = new ProductsModel() ) {}\n\n\tpublic async getAll(): Promise<ServiceResponse<IProducts[]>> {\n\t\tconst products = await this.productsModel.findAll();\n\t\tif(!products) {\n\t\t\treturn {status: 'BAD_REQUEST', data: {message: 'Something went wrong'} };\n\t\t}\n\t\treturn { status: 'SUCCESS', data: products };\n\t}\n\tpublic async findByProductType(id: number): Promise<ServiceResponse<IProducts[]>> {\n\t\tconst products = await this.productsModel.findByProductType(id);\n\t\tif(!products) {\n\t\t\treturn {status: 'BAD_REQUEST', data: {message: 'Something went wrong'} };\n\t\t}\n\t\treturn { status: 'SUCCESS', data: products };\n\t}\n}\n"]},"_coverageSchema":"1a1c01bbd47fc00a2c39e90264f33305004495a9","hash":"663291ed594ef194e7e89e04bedf8403f947e1ef","contentHash":"134a66bba8c872f115466e800508c0e60f515b6a1ba8f79a8f7cdd01b4bb96ed"},"/home/ebio/MVP-Delivery-App/app/server/src/models/ProductsModel.ts":{"path":"/home/ebio/MVP-Delivery-App/app/server/src/models/ProductsModel.ts","statementMap":{"0":{"start":{"line":2,"column":22},"end":{"line":4,"column":1}},"1":{"start":{"line":3,"column":4},"end":{"line":3,"column":62}},"2":{"start":{"line":5,"column":0},"end":{"line":5,"column":62}},"3":{"start":{"line":6,"column":22},"end":{"line":6,"column":79}},"4":{"start":{"line":7,"column":19},"end":{"line":7,"column":73}},"5":{"start":{"line":8,"column":22},"end":{"line":8,"column":79}},"6":{"start":{"line":11,"column":8},"end":{"line":11,"column":40}},"7":{"start":{"line":14,"column":21},"end":{"line":28,"column":10}},"8":{"start":{"line":29,"column":8},"end":{"line":29,"column":20}},"9":{"start":{"line":32,"column":21},"end":{"line":49,"column":10}},"10":{"start":{"line":50,"column":8},"end":{"line":50,"column":20}},"11":{"start":{"line":53,"column":0},"end":{"line":53,"column":32}}},"fnMap":{"0":{"name":"(anonymous_0)","decl":{"start":{"line":2,"column":56},"end":{"line":2,"column":57}},"loc":{"start":{"line":2,"column":71},"end":{"line":4,"column":1}},"line":2},"1":{"name":"(anonymous_1)","decl":{"start":{"line":10,"column":4},"end":{"line":10,"column":5}},"loc":{"start":{"line":10,"column":18},"end":{"line":12,"column":5}},"line":10},"2":{"name":"(anonymous_2)","decl":{"start":{"line":13,"column":4},"end":{"line":13,"column":5}},"loc":{"start":{"line":13,"column":20},"end":{"line":30,"column":5}},"line":13},"3":{"name":"(anonymous_3)","decl":{"start":{"line":31,"column":4},"end":{"line":31,"column":5}},"loc":{"start":{"line":31,"column":32},"end":{"line":51,"column":5}},"line":31}},"branchMap":{"0":{"loc":{"start":{"line":2,"column":22},"end":{"line":4,"column":1}},"type":"binary-expr","locations":[{"start":{"line":2,"column":23},"end":{"line":2,"column":27}},{"start":{"line":2,"column":31},"end":{"line":2,"column":51}},{"start":{"line":2,"column":56},"end":{"line":4,"column":1}}],"line":2},"1":{"loc":{"start":{"line":3,"column":11},"end":{"line":3,"column":61}},"type":"cond-expr","locations":[{"start":{"line":3,"column":37},"end":{"line":3,"column":40}},{"start":{"line":3,"column":43},"end":{"line":3,"column":61}}],"line":3},"2":{"loc":{"start":{"line":3,"column":12},"end":{"line":3,"column":33}},"type":"binary-expr","locations":[{"start":{"line":3,"column":12},"end":{"line":3,"column":15}},{"start":{"line":3,"column":19},"end":{"line":3,"column":33}}],"line":3}},"s":{"0":1,"1":3,"2":1,"3":1,"4":1,"5":1,"6":1,"7":0,"8":0,"9":0,"10":0,"11":1},"f":{"0":3,"1":1,"2":0,"3":0},"b":{"0":[1,1,1],"1":[3,0],"2":[3,3]},"inputSourceMap":{"version":3,"file":"/home/ebio/MVP-Delivery-App/app/server/src/models/ProductsModel.ts","sources":["/home/ebio/MVP-Delivery-App/app/server/src/models/ProductsModel.ts"],"names":[],"mappings":";;;;;AAAA,gFAAwD;AACxD,0EAAkD;AAClD,gFAAwD;AAGxD,MAAqB,aAAa;IAAlC;QACS,UAAK,GAAG,kBAAQ,CAAC;IA2C1B,CAAC;IAzCA,KAAK,CAAC,OAAO;QACZ,MAAM,IAAI,GAAG,MAAM,IAAI,CAAC,KAAK,CAAC,OAAO,CAAC;YACrC,UAAU,EAAE,CAAC,IAAI,EAAE,aAAa,EAAE,aAAa,EAAE,OAAO,EAAE,cAAc,CAAC;YACzE,OAAO,EAAE;gBACR;oBACC,KAAK,EAAE,qBAAW;oBAClB,UAAU,EAAE,CAAC,IAAI,EAAE,gBAAgB,CAAC;oBACpC,EAAE,EAAE,YAAY;iBAChB;gBACD;oBACC,KAAK,EAAE,qBAAW;oBAClB,UAAU,EAAE,CAAC,IAAI,EAAE,MAAM,CAAC;oBAC1B,EAAE,EAAE,eAAe;iBACnB;aACD;SACD,CAAC,CAAC;QACH,OAAO,IAAI,CAAC;IACb,CAAC;IAED,KAAK,CAAC,iBAAiB,CAAC,EAAU;QACjC,MAAM,IAAI,GAAG,MAAM,IAAI,CAAC,KAAK,CAAC,OAAO,CAAC;YACrC,UAAU,EAAE,CAAC,IAAI,EAAE,aAAa,EAAE,aAAa,EAAE,OAAO,EAAE,cAAc,CAAC;YACzE,OAAO,EAAE;gBACR;oBACC,KAAK,EAAE,qBAAW;oBAClB,UAAU,EAAE,CAAC,IAAI,EAAE,gBAAgB,CAAC;oBACpC,EAAE,EAAE,YAAY;iBAChB;gBACD;oBACC,KAAK,EAAE,qBAAW;oBAClB,UAAU,EAAE,CAAC,IAAI,EAAE,MAAM,CAAC;oBAC1B,EAAE,EAAE,eAAe;oBACnB,KAAK,EAAE;wBACN,EAAE,EAAE,EAAE;qBACN;iBACD;aACD;SACD,CAAC,CAAC;QACH,OAAO,IAAI,CAAC;IACb,CAAC;CAED;AA5CD,gCA4CC","sourcesContent":["import Restaurants from '../database/model/Restaurants';\nimport Products from '../database/model/Products';\nimport ProductType from '../database/model/ProductType';\nimport { IProducts, IProductsModel } from '../interfaces/IProducts';\n\nexport default class ProductsModel implements IProductsModel {\n\tprivate model = Products;\n\n\tasync findAll(): Promise<IProducts[]> {\n\t\tconst data = await this.model.findAll({\n\t\t\tattributes: ['id', 'productName', 'description', 'price', 'illustration'],\n\t\t\tinclude: [\n\t\t\t\t{\n\t\t\t\t\tmodel: Restaurants,\n\t\t\t\t\tattributes: ['id', 'restaurantName'],\n\t\t\t\t\tas: 'restaurant'\n\t\t\t\t},\n\t\t\t\t{\n\t\t\t\t\tmodel: ProductType,\n\t\t\t\t\tattributes: ['id', 'type'],\n\t\t\t\t\tas: 'product_types'\n\t\t\t\t}\n\t\t\t]\n\t\t});\n\t\treturn data;\n\t}\n\n\tasync findByProductType(id: number): Promise<IProducts[]> {\n\t\tconst data = await this.model.findAll({\n\t\t\tattributes: ['id', 'productName', 'description', 'price', 'illustration'],\n\t\t\tinclude: [\n\t\t\t\t{\n\t\t\t\t\tmodel: Restaurants,\n\t\t\t\t\tattributes: ['id', 'restaurantName'],\n\t\t\t\t\tas: 'restaurant'\n\t\t\t\t},\n\t\t\t\t{\n\t\t\t\t\tmodel: ProductType,\n\t\t\t\t\tattributes: ['id', 'type'],\n\t\t\t\t\tas: 'product_types',\n\t\t\t\t\twhere: {\n\t\t\t\t\t\tid: id,\n\t\t\t\t\t}\n\t\t\t\t}\n\t\t\t]\n\t\t});\n\t\treturn data;\n\t}\n\t\t\n}"]},"_coverageSchema":"1a1c01bbd47fc00a2c39e90264f33305004495a9","hash":"8ef1f2dfcfc45d7090ea6f7ae802e26c254bb447","contentHash":"b4f737fd6dd74c5b1aea3f8356441242a1c793bb27561813469202e65db9d088"},"/home/ebio/MVP-Delivery-App/app/server/src/database/model/Restaurants.ts":{"path":"/home/ebio/MVP-Delivery-App/app/server/src/database/model/Restaurants.ts","statementMap":{"0":{"start":{"line":2,"column":22},"end":{"line":4,"column":1}},"1":{"start":{"line":3,"column":4},"end":{"line":3,"column":62}},"2":{"start":{"line":5,"column":0},"end":{"line":5,"column":62}},"3":{"start":{"line":6,"column":20},"end":{"line":6,"column":40}},"4":{"start":{"line":7,"column":11},"end":{"line":7,"column":40}},"5":{"start":{"line":8,"column":21},"end":{"line":8,"column":61}},"6":{"start":{"line":11,"column":0},"end":{"line":57,"column":3}},"7":{"start":{"line":58,"column":0},"end":{"line":58,"column":93}},"8":{"start":{"line":59,"column":0},"end":{"line":59,"column":30}}},"fnMap":{"0":{"name":"(anonymous_0)","decl":{"start":{"line":2,"column":56},"end":{"line":2,"column":57}},"loc":{"start":{"line":2,"column":71},"end":{"line":4,"column":1}},"line":2}},"branchMap":{"0":{"loc":{"start":{"line":2,"column":22},"end":{"line":4,"column":1}},"type":"binary-expr","locations":[{"start":{"line":2,"column":23},"end":{"line":2,"column":27}},{"start":{"line":2,"column":31},"end":{"line":2,"column":51}},{"start":{"line":2,"column":56},"end":{"line":4,"column":1}}],"line":2},"1":{"loc":{"start":{"line":3,"column":11},"end":{"line":3,"column":61}},"type":"cond-expr","locations":[{"start":{"line":3,"column":37},"end":{"line":3,"column":40}},{"start":{"line":3,"column":43},"end":{"line":3,"column":61}}],"line":3},"2":{"loc":{"start":{"line":3,"column":12},"end":{"line":3,"column":33}},"type":"binary-expr","locations":[{"start":{"line":3,"column":12},"end":{"line":3,"column":15}},{"start":{"line":3,"column":19},"end":{"line":3,"column":33}}],"line":3}},"s":{"0":1,"1":2,"2":1,"3":1,"4":1,"5":1,"6":1,"7":1,"8":1},"f":{"0":2},"b":{"0":[1,1,1],"1":[2,0],"2":[2,2]},"inputSourceMap":{"version":3,"file":"/home/ebio/MVP-Delivery-App/app/server/src/database/model/Restaurants.ts","sources":["/home/ebio/MVP-Delivery-App/app/server/src/database/model/Restaurants.ts"],"names":[],"mappings":";;;;;AAAA,yCAKmB;AACnB,yCAAmB;AACnB,8DAAsC;AAGtC,MAAM,WAAY,SAAQ,iBACW;CASpC;AAED,WAAW,CAAC,IAAI,CAAC;IAChB,EAAE,EAAE;QACH,IAAI,EAAE,qBAAS,CAAC,OAAO;QACvB,SAAS,EAAE,KAAK;QAChB,UAAU,EAAE,IAAI;QAChB,aAAa,EAAE,IAAI;KACnB;IACD,cAAc,EAAE;QACf,IAAI,EAAE,qBAAS,CAAC,MAAM;QACtB,SAAS,EAAE,KAAK;QAChB,KAAK,EAAE,iBAAiB;KACxB;IACD,UAAU,EAAE;QACX,IAAI,EAAE,qBAAS,CAAC,OAAO;QACvB,SAAS,EAAE,KAAK;QAChB,KAAK,EAAE,aAAa;QACpB,UAAU,EAAE;YACX,KAAK,EAAE,YAAY;YACnB,GAAG,EAAE,IAAI;SACT;KACD;IACD,MAAM,EAAE;QACP,IAAI,EAAE,qBAAS,CAAC,MAAM;QACtB,SAAS,EAAE,KAAK;KAChB;IACD,OAAO,EAAE;QACR,IAAI,EAAE,qBAAS,CAAC,MAAM;QACtB,SAAS,EAAE,KAAK;KAChB;IACD,KAAK,EAAE;QACN,IAAI,EAAE,qBAAS,CAAC,MAAM;QACtB,SAAS,EAAE,KAAK;KAChB;IACD,IAAI,EAAE;QACL,IAAI,EAAE,qBAAS,CAAC,MAAM;QACtB,SAAS,EAAE,KAAK;KAChB;IACD,SAAS,EAAE;QACV,IAAI,EAAE,qBAAS,CAAC,MAAM;QACtB,SAAS,EAAE,KAAK;KAChB;CACD,EAAE;IACF,SAAS,EAAE,UAAE;IACb,SAAS,EAAE,aAAa;IACxB,UAAU,EAAE,KAAK;IACjB,WAAW,EAAE,IAAI;CACjB,CAAC,CAAC;AAEH,WAAW,CAAC,SAAS,CAAC,oBAAU,EAAE,EAAE,UAAU,EAAE,aAAa,EAAE,EAAE,EAAE,YAAY,EAAE,CAAC,CAAC;AAGnF,kBAAe,WAAW,CAAC","sourcesContent":["import {\n\tDataTypes,\n\tModel,\n\tInferAttributes,\n\tInferCreationAttributes,\n} from 'sequelize';\nimport db from '.';\nimport Categories from './Categories';\n\n\nclass Restaurants extends Model<InferAttributes<Restaurants>,\nInferCreationAttributes<Restaurants>> {\n\tdeclare id: number;\n\tdeclare restaurantName: string;\n\tdeclare categoryId: number;\n\tdeclare resume: string;\n\tdeclare address: string;\n\tdeclare phone: string;\n\tdeclare logo: string;\n\tdeclare wallpaper: string;\n}\n\nRestaurants.init({\n\tid: {\n\t\ttype: DataTypes.INTEGER,\n\t\tallowNull: false,\n\t\tprimaryKey: true,\n\t\tautoIncrement: true,\n\t},\n\trestaurantName: {\n\t\ttype: DataTypes.STRING,\n\t\tallowNull: false,\n\t\tfield: 'restaurant_name',\n\t},\n\tcategoryId: {\n\t\ttype: DataTypes.INTEGER,\n\t\tallowNull: false,\n\t\tfield: 'category_id',\n\t\treferences: {\n\t\t\tmodel: 'categories',\n\t\t\tkey: 'id',\n\t\t}\n\t},\n\tresume: {\n\t\ttype: DataTypes.STRING,\n\t\tallowNull: false,\n\t},\n\taddress: {\n\t\ttype: DataTypes.STRING,\n\t\tallowNull: false,\n\t},\n\tphone: {\n\t\ttype: DataTypes.STRING,\n\t\tallowNull: false,\n\t},\n\tlogo: {\n\t\ttype: DataTypes.STRING,\n\t\tallowNull: false,\n\t},\n\twallpaper: {\n\t\ttype: DataTypes.STRING,\n\t\tallowNull: false,\n\t},\n}, {\n\tsequelize: db,\n\tmodelName: 'restaurants',\n\ttimestamps: false,\n\tunderscored: true,\n});\n\nRestaurants.belongsTo(Categories, { foreignKey: 'category_id', as: 'categories' });\n\n\nexport default Restaurants;\n"]},"_coverageSchema":"1a1c01bbd47fc00a2c39e90264f33305004495a9","hash":"16ea07c516bf27df6d35f20d7e956d86a0b07839","contentHash":"c28a574d7a287530e07d570a37b3183d6eefd608544757748c99eac704a0824d"},"/home/ebio/MVP-Delivery-App/app/server/src/database/model/Products.ts":{"path":"/home/ebio/MVP-Delivery-App/app/server/src/database/model/Products.ts","statementMap":{"0":{"start":{"line":2,"column":22},"end":{"line":4,"column":1}},"1":{"start":{"line":3,"column":4},"end":{"line":3,"column":62}},"2":{"start":{"line":5,"column":0},"end":{"line":5,"column":62}},"3":{"start":{"line":6,"column":20},"end":{"line":6,"column":40}},"4":{"start":{"line":7,"column":11},"end":{"line":7,"column":40}},"5":{"start":{"line":8,"column":22},"end":{"line":8,"column":63}},"6":{"start":{"line":9,"column":22},"end":{"line":9,"column":63}},"7":{"start":{"line":12,"column":0},"end":{"line":59,"column":3}},"8":{"start":{"line":60,"column":0},"end":{"line":60,"column":93}},"9":{"start":{"line":61,"column":0},"end":{"line":61,"column":89}},"10":{"start":{"line":62,"column":0},"end":{"line":62,"column":89}},"11":{"start":{"line":63,"column":0},"end":{"line":63,"column":27}}},"fnMap":{"0":{"name":"(anonymous_0)","decl":{"start":{"line":2,"column":56},"end":{"line":2,"column":57}},"loc":{"start":{"line":2,"column":71},"end":{"line":4,"column":1}},"line":2}},"branchMap":{"0":{"loc":{"start":{"line":2,"column":22},"end":{"line":4,"column":1}},"type":"binary-expr","locations":[{"start":{"line":2,"column":23},"end":{"line":2,"column":27}},{"start":{"line":2,"column":31},"end":{"line":2,"column":51}},{"start":{"line":2,"column":56},"end":{"line":4,"column":1}}],"line":2},"1":{"loc":{"start":{"line":3,"column":11},"end":{"line":3,"column":61}},"type":"cond-expr","locations":[{"start":{"line":3,"column":37},"end":{"line":3,"column":40}},{"start":{"line":3,"column":43},"end":{"line":3,"column":61}}],"line":3},"2":{"loc":{"start":{"line":3,"column":12},"end":{"line":3,"column":33}},"type":"binary-expr","locations":[{"start":{"line":3,"column":12},"end":{"line":3,"column":15}},{"start":{"line":3,"column":19},"end":{"line":3,"column":33}}],"line":3}},"s":{"0":1,"1":3,"2":1,"3":1,"4":1,"5":1,"6":1,"7":1,"8":1,"9":1,"10":1,"11":1},"f":{"0":3},"b":{"0":[1,1,1],"1":[3,0],"2":[3,3]},"inputSourceMap":{"version":3,"file":"/home/ebio/MVP-Delivery-App/app/server/src/database/model/Products.ts","sources":["/home/ebio/MVP-Delivery-App/app/server/src/database/model/Products.ts"],"names":[],"mappings":";;;;;AAAA,yCAKmB;AACnB,yCAAmB;AACnB,gEAAwC;AACxC,gEAAwC;AAGxC,MAAM,QAAS,SAAQ,iBACW;CAQjC;AAED,QAAQ,CAAC,IAAI,CAAC;IACb,EAAE,EAAE;QACH,IAAI,EAAE,qBAAS,CAAC,OAAO;QACvB,SAAS,EAAE,KAAK;QAChB,UAAU,EAAE,IAAI;QAChB,aAAa,EAAE,IAAI;KACnB;IACD,WAAW,EAAE;QACZ,IAAI,EAAE,qBAAS,CAAC,MAAM;QACtB,KAAK,EAAE,cAAc;QACrB,SAAS,EAAE,KAAK;KAChB;IACD,YAAY,EAAE;QACb,IAAI,EAAE,qBAAS,CAAC,OAAO;QACvB,SAAS,EAAE,KAAK;QAChB,KAAK,EAAE,eAAe;QACtB,UAAU,EAAE;YACX,KAAK,EAAE,aAAa;YACpB,GAAG,EAAE,IAAI;SACT;KACD;IACD,MAAM,EAAE;QACP,IAAI,EAAE,qBAAS,CAAC,OAAO;QACvB,SAAS,EAAE,KAAK;QAChB,KAAK,EAAE,SAAS;QAChB,UAAU,EAAE;YACX,KAAK,EAAE,eAAe;YACtB,GAAG,EAAE,IAAI;SACT;KACD;IACD,WAAW,EAAE;QACZ,IAAI,EAAE,qBAAS,CAAC,MAAM;QACtB,SAAS,EAAE,KAAK;KAChB;IACD,KAAK,EAAE;QACN,IAAI,EAAE,qBAAS,CAAC,OAAO,CAAC,EAAE,EAAE,CAAC,CAAC;QAC9B,SAAS,EAAE,KAAK;KAChB;IACD,YAAY,EAAE;QACb,IAAI,EAAE,qBAAS,CAAC,MAAM;QACtB,SAAS,EAAE,KAAK;KAChB;CACD,EAAE;IACF,SAAS,EAAE,UAAE;IACb,SAAS,EAAE,UAAU;IACrB,UAAU,EAAE,KAAK;IACjB,WAAW,EAAE,IAAI;CACjB,CAAC,CAAC;AAEH,QAAQ,CAAC,SAAS,CAAC,qBAAW,EAAE,EAAE,UAAU,EAAE,eAAe,EAAE,EAAE,EAAE,YAAY,EAAE,CAAC,CAAC;AACnF,qBAAW,CAAC,OAAO,CAAC,QAAQ,EAAE,EAAE,UAAU,EAAE,eAAe,EAAE,EAAE,EAAE,UAAU,EAAE,CAAC,CAAC;AAC/E,QAAQ,CAAC,SAAS,CAAC,qBAAW,EAAE,EAAE,UAAU,EAAE,QAAQ,EAAE,EAAE,EAAE,eAAe,EAAE,CAAC,CAAC;AAG/E,kBAAe,QAAQ,CAAC","sourcesContent":["import {\n\tDataTypes,\n\tModel,\n\tInferAttributes,\n\tInferCreationAttributes,\n} from 'sequelize';\nimport db from '.';\nimport ProductType from './ProductType';\nimport Restaurants from './Restaurants';\n\n\nclass Products extends Model<InferAttributes<Products>,\nInferCreationAttributes<Products>> {\n\tdeclare id: number;\n\tdeclare productName: string;\n\tdeclare restaurantId: number;\n\tdeclare typeId: number;\n\tdeclare description: string;\n\tdeclare price: number;\n\tdeclare illustration: string;\n}\n\nProducts.init({\n\tid: {\n\t\ttype: DataTypes.INTEGER,\n\t\tallowNull: false,\n\t\tprimaryKey: true,\n\t\tautoIncrement: true,\n\t},\n\tproductName: {\n\t\ttype: DataTypes.STRING,\n\t\tfield: 'product_name',\n\t\tallowNull: false,\n\t},\n\trestaurantId: {\n\t\ttype: DataTypes.INTEGER,\n\t\tallowNull: false,\n\t\tfield: 'restaurant_id',\n\t\treferences: {\n\t\t\tmodel: 'restaurants',\n\t\t\tkey: 'id',\n\t\t}\n\t},\n\ttypeId: {\n\t\ttype: DataTypes.INTEGER,\n\t\tallowNull: false,\n\t\tfield: 'type_id',\n\t\treferences: {\n\t\t\tmodel: 'product_types',\n\t\t\tkey: 'id',\n\t\t}\n\t},\n\tdescription: {\n\t\ttype: DataTypes.STRING,\n\t\tallowNull: false,\n\t},\n\tprice: {\n\t\ttype: DataTypes.DECIMAL(10, 2),\n\t\tallowNull: false,\n\t},\n\tillustration: {\n\t\ttype: DataTypes.STRING,\n\t\tallowNull: false,\n\t},\n}, {\n\tsequelize: db,\n\tmodelName: 'products',\n\ttimestamps: false,\n\tunderscored: true,\n});\n\nProducts.belongsTo(Restaurants, { foreignKey: 'restaurant_id', as: 'restaurant' });\nRestaurants.hasMany(Products, { foreignKey: 'restaurant_id', as: 'products' });\nProducts.belongsTo(ProductType, { foreignKey: 'typeId', as: 'product_types' });\n\n\nexport default Products;\n"]},"_coverageSchema":"1a1c01bbd47fc00a2c39e90264f33305004495a9","hash":"b9cef4f091f11a7e526708c5a20315930425edc8","contentHash":"ad1e77cb124eda02abaf47c19ad9950b44bba01094e19373d793d71e29530b59"},"/home/ebio/MVP-Delivery-App/app/server/src/database/model/ProductType.ts":{"path":"/home/ebio/MVP-Delivery-App/app/server/src/database/model/ProductType.ts","statementMap":{"0":{"start":{"line":2,"column":22},"end":{"line":4,"column":1}},"1":{"start":{"line":3,"column":4},"end":{"line":3,"column":62}},"2":{"start":{"line":5,"column":0},"end":{"line":5,"column":62}},"3":{"start":{"line":6,"column":20},"end":{"line":6,"column":40}},"4":{"start":{"line":7,"column":11},"end":{"line":7,"column":40}},"5":{"start":{"line":10,"column":0},"end":{"line":26,"column":3}},"6":{"start":{"line":27,"column":0},"end":{"line":27,"column":30}}},"fnMap":{"0":{"name":"(anonymous_0)","decl":{"start":{"line":2,"column":56},"end":{"line":2,"column":57}},"loc":{"start":{"line":2,"column":71},"end":{"line":4,"column":1}},"line":2}},"branchMap":{"0":{"loc":{"start":{"line":2,"column":22},"end":{"line":4,"column":1}},"type":"binary-expr","locations":[{"start":{"line":2,"column":23},"end":{"line":2,"column":27}},{"start":{"line":2,"column":31},"end":{"line":2,"column":51}},{"start":{"line":2,"column":56},"end":{"line":4,"column":1}}],"line":2},"1":{"loc":{"start":{"line":3,"column":11},"end":{"line":3,"column":61}},"type":"cond-expr","locations":[{"start":{"line":3,"column":37},"end":{"line":3,"column":40}},{"start":{"line":3,"column":43},"end":{"line":3,"column":61}}],"line":3},"2":{"loc":{"start":{"line":3,"column":12},"end":{"line":3,"column":33}},"type":"binary-expr","locations":[{"start":{"line":3,"column":12},"end":{"line":3,"column":15}},{"start":{"line":3,"column":19},"end":{"line":3,"column":33}}],"line":3}},"s":{"0":1,"1":1,"2":1,"3":1,"4":1,"5":1,"6":1},"f":{"0":1},"b":{"0":[1,1,1],"1":[1,0],"2":[1,1]},"inputSourceMap":{"version":3,"file":"/home/ebio/MVP-Delivery-App/app/server/src/database/model/ProductType.ts","sources":["/home/ebio/MVP-Delivery-App/app/server/src/database/model/ProductType.ts"],"names":[],"mappings":";;;;;AAAA,yCAKmB;AACnB,yCAAmB;AAEnB,MAAM,WAAY,SAAQ,iBACW;CAGpC;AAED,WAAW,CAAC,IAAI,CAAC;IAChB,EAAE,EAAE;QACH,IAAI,EAAE,qBAAS,CAAC,OAAO;QACvB,SAAS,EAAE,KAAK;QAChB,UAAU,EAAE,IAAI;QAChB,aAAa,EAAE,IAAI;KACnB;IACD,IAAI,EAAE;QACL,IAAI,EAAE,qBAAS,CAAC,OAAO;QACvB,SAAS,EAAE,KAAK;KAChB;CACD,EAAE;IACF,SAAS,EAAE,UAAE;IACb,SAAS,EAAE,eAAe;IAC1B,UAAU,EAAE,KAAK;IACjB,WAAW,EAAE,IAAI;CACjB,CAAC,CAAC;AAEH,kBAAe,WAAW,CAAC","sourcesContent":["import {\n\tDataTypes,\n\tModel,\n\tInferAttributes,\n\tInferCreationAttributes,\n} from 'sequelize';\nimport db from '.';\n\nclass ProductType extends Model<InferAttributes<ProductType>,\nInferCreationAttributes<ProductType>> {\n\tdeclare id: number;\n\tdeclare type: string;\n}\n\nProductType.init({\n\tid: {\n\t\ttype: DataTypes.INTEGER,\n\t\tallowNull: false,\n\t\tprimaryKey: true,\n\t\tautoIncrement: true,\n\t},\n\ttype: {\n\t\ttype: DataTypes.INTEGER,\n\t\tallowNull: false,\n\t},\n}, {\n\tsequelize: db,\n\tmodelName: 'product_types',\n\ttimestamps: false,\n\tunderscored: true,\n});\n\nexport default ProductType;\n"]},"_coverageSchema":"1a1c01bbd47fc00a2c39e90264f33305004495a9","hash":"91d25279a815d7a72be50a51d8d5961a5bb91e0a","contentHash":"640d7f1620633435a2a7bc7cb8c863369805585e7455f234ad9b2260a309fb53"},"/home/ebio/MVP-Delivery-App/app/server/src/routes/productsType.routes.ts":{"path":"/home/ebio/MVP-Delivery-App/app/server/src/routes/productsType.routes.ts","statementMap":{"0":{"start":{"line":2,"column":22},"end":{"line":4,"column":1}},"1":{"start":{"line":3,"column":4},"end":{"line":3,"column":62}},"2":{"start":{"line":5,"column":0},"end":{"line":5,"column":62}},"3":{"start":{"line":6,"column":18},"end":{"line":6,"column":36}},"4":{"start":{"line":7,"column":34},"end":{"line":7,"column":100}},"5":{"start":{"line":8,"column":30},"end":{"line":8,"column":69}},"6":{"start":{"line":9,"column":15},"end":{"line":9,"column":38}},"7":{"start":{"line":10,"column":0},"end":{"line":10,"column":70}},"8":{"start":{"line":10,"column":30},"end":{"line":10,"column":68}},"9":{"start":{"line":11,"column":0},"end":{"line":11,"column":25}}},"fnMap":{"0":{"name":"(anonymous_0)","decl":{"start":{"line":2,"column":56},"end":{"line":2,"column":57}},"loc":{"start":{"line":2,"column":71},"end":{"line":4,"column":1}},"line":2},"1":{"name":"(anonymous_1)","decl":{"start":{"line":10,"column":16},"end":{"line":10,"column":17}},"loc":{"start":{"line":10,"column":30},"end":{"line":10,"column":68}},"line":10}},"branchMap":{"0":{"loc":{"start":{"line":2,"column":22},"end":{"line":4,"column":1}},"type":"binary-expr","locations":[{"start":{"line":2,"column":23},"end":{"line":2,"column":27}},{"start":{"line":2,"column":31},"end":{"line":2,"column":51}},{"start":{"line":2,"column":56},"end":{"line":4,"column":1}}],"line":2},"1":{"loc":{"start":{"line":3,"column":11},"end":{"line":3,"column":61}},"type":"cond-expr","locations":[{"start":{"line":3,"column":37},"end":{"line":3,"column":40}},{"start":{"line":3,"column":43},"end":{"line":3,"column":61}}],"line":3},"2":{"loc":{"start":{"line":3,"column":12},"end":{"line":3,"column":33}},"type":"binary-expr","locations":[{"start":{"line":3,"column":12},"end":{"line":3,"column":15}},{"start":{"line":3,"column":19},"end":{"line":3,"column":33}}],"line":3}},"s":{"0":1,"1":1,"2":1,"3":1,"4":1,"5":1,"6":1,"7":1,"8":0,"9":1},"f":{"0":1,"1":0},"b":{"0":[1,1,1],"1":[1,0],"2":[1,1]},"inputSourceMap":{"version":3,"file":"/home/ebio/MVP-Delivery-App/app/server/src/routes/productsType.routes.ts","sources":["/home/ebio/MVP-Delivery-App/app/server/src/routes/productsType.routes.ts"],"names":[],"mappings":";;;;;AAAA,qCAAoD;AACpD,qGAA2E;AAE3E,MAAM,qBAAqB,GAAG,IAAI,iCAAqB,EAAE,CAAC;AAC1D,MAAM,MAAM,GAAG,IAAA,gBAAM,GAAE,CAAC;AAExB,MAAM,CAAC,GAAG,CAAC,GAAG,EAAE,CAAC,GAAY,EAAE,GAAa,EAAE,EAAE,CAAC,qBAAqB,CAAC,MAAM,CAAC,GAAG,EAAE,GAAG,CAAC,CAAC,CAAC;AAEzF,kBAAe,MAAM,CAAC","sourcesContent":["import { Request, Response, Router } from 'express';\nimport ProductTypeController from '../controllers/ProductsTypeControllers';\n\nconst productTypeController = new ProductTypeController();\nconst router = Router();\n\nrouter.get('/', (req: Request, res: Response) => productTypeController.getAll(req, res));\n\nexport default router;\n"]},"_coverageSchema":"1a1c01bbd47fc00a2c39e90264f33305004495a9","hash":"ddecc4c8474275a44f7db8baf8971ab8fa7d5a53","contentHash":"6f7cf3bfea08331e636d5860467792fd3ec40fcf59b8e9ab0785f8e602b4db30"},"/home/ebio/MVP-Del
[...]
line":12,"column":27},"end":{"line":12,"column":64}},"6":{"start":{"line":13,"column":8},"end":{"line":15,"column":9}},"7":{"start":{"line":14,"column":12},"end":{"line":14,"column":88}},"8":{"start":{"line":16,"column":8},"end":{"line":16,"column":55}},"9":{"start":{"line":19,"column":27},"end":{"line":19,"column":67}},"10":{"start":{"line":20,"column":8},"end":{"line":22,"column":9}},"11":{"start":{"line":21,"column":12},"end":{"line":21,"column":88}},"12":{"start":{"line":23,"column":8},"end":{"line":23,"column":55}},"13":{"start":{"line":26,"column":27},"end":{"line":26,"column":73}},"14":{"start":{"line":27,"column":8},"end":{"line":29,"column":9}},"15":{"start":{"line":28,"column":12},"end":{"line":28,"column":88}},"16":{"start":{"line":30,"column":8},"end":{"line":30,"column":55}},"17":{"start":{"line":33,"column":27},"end":{"line":33,"column":75}},"18":{"start":{"line":34,"column":8},"end":{"line":36,"column":9}},"19":{"start":{"line":35,"column":12},"end":{"line":35,"column":88}},"20":{"start":{"line":37,"column":8},"end":{"line":37,"column":55}},"21":{"start":{"line":40,"column":0},"end":{"line":40,"column":37}}},"fnMap":{"0":{"name":"(anonymous_0)","decl":{"start":{"line":2,"column":56},"end":{"line":2,"column":57}},"loc":{"start":{"line":2,"column":71},"end":{"line":4,"column":1}},"line":2},"1":{"name":"(anonymous_1)","decl":{"start":{"line":8,"column":4},"end":{"line":8,"column":5}},"loc":{"start":{"line":8,"column":69},"end":{"line":10,"column":5}},"line":8},"2":{"name":"(anonymous_2)","decl":{"start":{"line":11,"column":4},"end":{"line":11,"column":5}},"loc":{"start":{"line":11,"column":19},"end":{"line":17,"column":5}},"line":11},"3":{"name":"(anonymous_3)","decl":{"start":{"line":18,"column":4},"end":{"line":18,"column":5}},"loc":{"start":{"line":18,"column":23},"end":{"line":24,"column":5}},"line":18},"4":{"name":"(anonymous_4)","decl":{"start":{"line":25,"column":4},"end":{"line":25,"column":5}},"loc":{"start":{"line":25,"column":29},"end":{"line":31,"column":5}},"line":25},"5":{"name":"(anonymous_5)","decl":{"start":{"line":32,"column":4},"end":{"line":32,"column":5}},"loc":{"start":{"line":32,"column":31},"end":{"line":38,"column":5}},"line":32}},"branchMap":{"0":{"loc":{"start":{"line":2,"column":22},"end":{"line":4,"column":1}},"type":"binary-expr","locations":[{"start":{"line":2,"column":23},"end":{"line":2,"column":27}},{"start":{"line":2,"column":31},"end":{"line":2,"column":51}},{"start":{"line":2,"column":56},"end":{"line":4,"column":1}}],"line":2},"1":{"loc":{"start":{"line":3,"column":11},"end":{"line":3,"column":61}},"type":"cond-expr","locations":[{"start":{"line":3,"column":37},"end":{"line":3,"column":40}},{"start":{"line":3,"column":43},"end":{"line":3,"column":61}}],"line":3},"2":{"loc":{"start":{"line":3,"column":12},"end":{"line":3,"column":33}},"type":"binary-expr","locations":[{"start":{"line":3,"column":12},"end":{"line":3,"column":15}},{"start":{"line":3,"column":19},"end":{"line":3,"column":33}}],"line":3},"3":{"loc":{"start":{"line":8,"column":16},"end":{"line":8,"column":67}},"type":"default-arg","locations":[{"start":{"line":8,"column":35},"end":{"line":8,"column":67}}],"line":8},"4":{"loc":{"start":{"line":13,"column":8},"end":{"line":15,"column":9}},"type":"if","locations":[{"start":{"line":13,"column":8},"end":{"line":15,"column":9}},{"start":{"line":13,"column":8},"end":{"line":15,"column":9}}],"line":13},"5":{"loc":{"start":{"line":20,"column":8},"end":{"line":22,"column":9}},"type":"if","locations":[{"start":{"line":20,"column":8},"end":{"line":22,"column":9}},{"start":{"line":20,"column":8},"end":{"line":22,"column":9}}],"line":20},"6":{"loc":{"start":{"line":27,"column":8},"end":{"line":29,"column":9}},"type":"if","locations":[{"start":{"line":27,"column":8},"end":{"line":29,"column":9}},{"start":{"line":27,"column":8},"end":{"line":29,"column":9}}],"line":27},"7":{"loc":{"start":{"line":34,"column":8},"end":{"line":36,"column":9}},"type":"if","locations":[{"start":{"line":34,"column":8},"end":{"line":36,"column":9}},{"start":{"line":34,"column":8},"end":{"line":36,"column":9}}],"line":34}},"s":{"0":1,"1":1,"2":1,"3":1,"4":1,"5":0,"6":0,"7":0,"8":0,"9":0,"10":0,"11":0,"12":0,"13":0,"14":0,"15":0,"16":0,"17":0,"18":0,"19":0,"20":0,"21":1},"f":{"0":1,"1":1,"2":0,"3":0,"4":0,"5":0},"b":{"0":[1,1,1],"1":[1,0],"2":[1,1],"3":[1],"4":[0,0],"5":[0,0],"6":[0,0],"7":[0,0]},"inputSourceMap":{"version":3,"file":"/home/ebio/MVP-Delivery-App/app/server/src/services/RestaurantsService.ts","sources":["/home/ebio/MVP-Delivery-App/app/server/src/services/RestaurantsService.ts"],"names":[],"mappings":";;;;;AAAA,kFAA0D;AAK1D,MAAqB,kBAAkB;IACtC,YAAoB,mBAAsC,IAAI,0BAAgB,EAAE;QAA5D,qBAAgB,GAAhB,gBAAgB,CAA4C;IAAI,CAAC;IAE9E,KAAK,CAAC,MAAM;QAClB,MAAM,UAAU,GAAG,MAAM,IAAI,CAAC,gBAAgB,CAAC,OAAO,EAAE,CAAC;QACzD,IAAG,CAAC,UAAU,EAAE,CAAC;YAChB,OAAO,EAAC,MAAM,EAAE,aAAa,EAAE,IAAI,EAAE,EAAC,OAAO,EAAE,sBAAsB,EAAC,EAAE,CAAC;QAC1E,CAAC;QACD,OAAO,EAAE,MAAM,EAAE,SAAS,EAAE,IAAI,EAAE,UAAU,EAAE,CAAC;IAChD,CAAC;IAEM,KAAK,CAAC,QAAQ,CAAC,EAAU;QAC/B,MAAM,UAAU,GAAG,MAAM,IAAI,CAAC,gBAAgB,CAAC,QAAQ,CAAC,EAAE,CAAC,CAAC;QAC5D,IAAG,CAAC,UAAU,EAAE,CAAC;YAChB,OAAO,EAAC,MAAM,EAAE,aAAa,EAAE,IAAI,EAAE,EAAC,OAAO,EAAE,sBAAsB,EAAC,EAAE,CAAC;QAC1E,CAAC;QACD,OAAO,EAAE,MAAM,EAAE,SAAS,EAAE,IAAI,EAAE,UAAU,EAAE,CAAC;IAChD,CAAC;IAEM,KAAK,CAAC,WAAW,CAAC,KAAa;QACrC,MAAM,UAAU,GAAG,MAAM,IAAI,CAAC,gBAAgB,CAAC,WAAW,CAAC,KAAK,CAAC,CAAC;QAClE,IAAG,CAAC,UAAU,EAAE,CAAC;YAChB,OAAO,EAAC,MAAM,EAAE,aAAa,EAAE,IAAI,EAAE,EAAC,OAAO,EAAE,sBAAsB,EAAC,EAAE,CAAC;QAC1E,CAAC;QACD,OAAO,EAAE,MAAM,EAAE,SAAS,EAAE,IAAI,EAAE,UAAU,EAAE,CAAC;IAChD,CAAC;IAEM,KAAK,CAAC,gBAAgB,CAAC,EAAU;QACvC,MAAM,UAAU,GAAG,MAAM,IAAI,CAAC,gBAAgB,CAAC,gBAAgB,CAAC,EAAE,CAAC,CAAC;QACpE,IAAG,CAAC,UAAU,EAAE,CAAC;YAChB,OAAO,EAAC,MAAM,EAAE,aAAa,EAAE,IAAI,EAAE,EAAC,OAAO,EAAE,sBAAsB,EAAC,EAAE,CAAC;QAC1E,CAAC;QACD,OAAO,EAAE,MAAM,EAAE,SAAS,EAAE,IAAI,EAAE,UAAU,EAAE,CAAC;IAChD,CAAC;CACD;AAlCD,qCAkCC","sourcesContent":["import RestaurantsModel from '../models/RestaurantsModel';\nimport { IRestaurants, IRestaurantsModel } from '../interfaces/IRestaurants';\nimport { ServiceResponse } from '../interfaces/ServiceResponse';\n\n\nexport default class RestaurantsService {\n\tconstructor(private restaurantsModel: IRestaurantsModel = new RestaurantsModel() ) {}\n\n\tpublic async getAll(): Promise<ServiceResponse<IRestaurants[]>> {\n\t\tconst retaurants = await this.restaurantsModel.findAll();\n\t\tif(!retaurants) {\n\t\t\treturn {status: 'BAD_REQUEST', data: {message: 'Something went wrong'} };\n\t\t}\n\t\treturn { status: 'SUCCESS', data: retaurants };\n\t}\n\n\tpublic async findById(id: number): Promise<ServiceResponse<IRestaurants>> {\n\t\tconst retaurants = await this.restaurantsModel.findById(id);\n\t\tif(!retaurants) {\n\t\t\treturn {status: 'BAD_REQUEST', data: {message: 'Something went wrong'} };\n\t\t}\n\t\treturn { status: 'SUCCESS', data: retaurants };\n\t}\n\n\tpublic async findByQuery(query: string): Promise<ServiceResponse<IRestaurants[]>> {\n\t\tconst retaurants = await this.restaurantsModel.findByQuery(query);\n\t\tif(!retaurants) {\n\t\t\treturn {status: 'BAD_REQUEST', data: {message: 'Something went wrong'} };\n\t\t}\n\t\treturn { status: 'SUCCESS', data: retaurants };\n\t}\n\n\tpublic async findByCategoryId(id: number): Promise<ServiceResponse<IRestaurants[]>> {\n\t\tconst retaurants = await this.restaurantsModel.findByCategoryId(id);\n\t\tif(!retaurants) {\n\t\t\treturn {status: 'BAD_REQUEST', data: {message: 'Something went wrong'} };\n\t\t}\n\t\treturn { status: 'SUCCESS', data: retaurants };\n\t}\n}\n"]},"_coverageSchema":"1a1c01bbd47fc00a2c39e90264f33305004495a9","hash":"fb1787f34d433745bafb0c2e98a94e6639c20d3e","contentHash":"2393f2d911b88db0498e4a2a72ebbcd5db2174f295db02144f68b7f41bb34cdc"},"/home/ebio/MVP-Delivery-App/app/server/src/models/RestaurantsModel.ts":{"path":"/home/ebio/MVP-Delivery-App/app/server/src/models/RestaurantsModel.ts","statementMap":{"0":{"start":{"line":2,"column":22},"end":{"line":4,"column":1}},"1":{"start":{"line":3,"column":4},"end":{"line":3,"column":62}},"2":{"start":{"line":5,"column":0},"end":{"line":5,"column":62}},"3":{"start":{"line":6,"column":19},"end":{"line":6,"column":73}},"4":{"start":{"line":7,"column":21},"end":{"line":7,"column":77}},"5":{"start":{"line":8,"column":22},"end":{"line":8,"column":79}},"6":{"start":{"line":9,"column":20},"end":{"line":9,"column":40}},"7":{"start":{"line":12,"column":8},"end":{"line":12,"column":43}},"8":{"start":{"line":15,"column":21},"end":{"line":22,"column":10}},"9":{"start":{"line":23,"column":8},"end":{"line":23,"column":20}},"10":{"start":{"line":26,"column":21},"end":{"line":35,"column":10}},"11":{"start":{"line":36,"column":8},"end":{"line":36,"column":20}},"12":{"start":{"line":39,"column":21},"end":{"line":60,"column":10}},"13":{"start":{"line":61,"column":8},"end":{"line":61,"column":20}},"14":{"start":{"line":64,"column":21},"end":{"line":76,"column":10}},"15":{"start":{"line":77,"column":8},"end":{"line":77,"column":20}},"16":{"start":{"line":80,"column":0},"end":{"line":80,"column":35}}},"fnMap":{"0":{"name":"(anonymous_0)","decl":{"start":{"line":2,"column":56},"end":{"line":2,"column":57}},"loc":{"start":{"line":2,"column":71},"end":{"line":4,"column":1}},"line":2},"1":{"name":"(anonymous_1)","decl":{"start":{"line":11,"column":4},"end":{"line":11,"column":5}},"loc":{"start":{"line":11,"column":18},"end":{"line":13,"column":5}},"line":11},"2":{"name":"(anonymous_2)","decl":{"start":{"line":14,"column":4},"end":{"line":14,"column":5}},"loc":{"start":{"line":14,"column":20},"end":{"line":24,"column":5}},"line":14},"3":{"name":"(anonymous_3)","decl":{"start":{"line":25,"column":4},"end":{"line":25,"column":5}},"loc":{"start":{"line":25,"column":23},"end":{"line":37,"column":5}},"line":25},"4":{"name":"(anonymous_4)","decl":{"start":{"line":38,"column":4},"end":{"line":38,"column":5}},"loc":{"start":{"line":38,"column":29},"end":{"line":62,"column":5}},"line":38},"5":{"name":"(anonymous_5)","decl":{"start":{"line":63,"column":4},"end":{"line":63,"column":5}},"loc":{"start":{"line":63,"column":31},"end":{"line":78,"column":5}},"line":63}},"branchMap":{"0":{"loc":{"start":{"line":2,"column":22},"end":{"line":4,"column":1}},"type":"binary-expr","locations":[{"start":{"line":2,"column":23},"end":{"line":2,"column":27}},{"start":{"line":2,"column":31},"end":{"line":2,"column":51}},{"start":{"line":2,"column":56},"end":{"line":4,"column":1}}],"line":2},"1":{"loc":{"start":{"line":3,"column":11},"end":{"line":3,"column":61}},"type":"cond-expr","locations":[{"start":{"line":3,"column":37},"end":{"line":3,"column":40}},{"start":{"line":3,"column":43},"end":{"line":3,"column":61}}],"line":3},"2":{"loc":{"start":{"line":3,"column":12},"end":{"line":3,"column":33}},"type":"binary-expr","locations":[{"start":{"line":3,"column":12},"end":{"line":3,"column":15}},{"start":{"line":3,"column":19},"end":{"line":3,"column":33}}],"line":3}},"s":{"0":1,"1":3,"2":1,"3":1,"4":1,"5":1,"6":1,"7":1,"8":0,"9":0,"10":0,"11":0,"12":0,"13":0,"14":0,"15":0,"16":1},"f":{"0":3,"1":1,"2":0,"3":0,"4":0,"5":0},"b":{"0":[1,1,1],"1":[3,0],"2":[3,3]},"inputSourceMap":{"version":3,"file":"/home/ebio/MVP-Delivery-App/app/server/src/models/RestaurantsModel.ts","sources":["/home/ebio/MVP-Delivery-App/app/server/src/models/RestaurantsModel.ts"],"names":[],"mappings":";;;;;AAAA,0EAAkD;AAClD,8EAAsD;AACtD,gFAAwD;AAExD,yCAA+B;AAG/B,MAAqB,gBAAgB;IAArC;QACS,UAAK,GAAG,qBAAW,CAAC;IAyE7B,CAAC;IAvEA,KAAK,CAAC,OAAO;QACZ,MAAM,IAAI,GAAG,MAAM,IAAI,CAAC,KAAK,CAAC,OAAO,CAAC;YACrC,UAAU,EAAE,CAAC,IAAI,EAAC,gBAAgB,EAAE,QAAQ,EAAE,SAAS,EAAE,OAAO,EAAE,MAAM,EAAE,WAAW,CAAC;YACtF,OAAO,EAAE;gBACR,KAAK,EAAE,oBAAU;gBACjB,UAAU,EAAE,CAAC,IAAI,EAAE,UAAU,CAAE;gBAC/B,EAAE,EAAE,YAAY;aAChB;SACD,CAAC,CAAC;QACH,OAAO,IAAI,CAAC;IACb,CAAC;IAED,KAAK,CAAC,QAAQ,CAAC,EAAU;QACxB,MAAM,IAAI,GAAG,MAAM,IAAI,CAAC,KAAK,CAAC,QAAQ,CAAC,EAAE,EAAE;YAC1C,UAAU,EAAE,CAAC,IAAI,EAAE,gBAAgB,EAAE,QAAQ,EAAE,SAAS,EAAE,OAAO,EAAE,MAAM,EAAE,WAAW,CAAC;YACvF,OAAO,EAAE;gBACR;oBACC,KAAK,EAAE,oBAAU;oBACjB,UAAU,EAAE,CAAC,IAAI,EAAE,UAAU,CAAC;oBAC9B,EAAE,EAAE,YAAY;iBAChB;aACD;SACD,CAAC,CAAC;QAEH,OAAO,IAAI,CAAC;IACb,CAAC;IAGD,KAAK,CAAC,WAAW,CAAC,KAAa;QAC9B,MAAM,IAAI,GAAG,MAAM,IAAI,CAAC,KAAK,CAAC,OAAO,CAAC;YACrC,UAAU,EAAE,CAAC,IAAI,EAAE,gBAAgB,EAAE,QAAQ,EAAE,SAAS,EAAE,OAAO,EAAE,MAAM,EAAE,WAAW,CAAE;YACxF,OAAO,EAAE;gBACR;oBACC,KAAK,EAAE,oBAAU;oBACjB,UAAU,EAAE,CAAC,IAAI,EAAE,UAAU,CAAC;oBAC9B,EAAE,EAAE,YAAY;iBAChB;gBACD;oBACC,KAAK,EAAE,kBAAQ;oBACf,UAAU,EAAE,CAAC,aAAa,EAAE,aAAa,CAAC;oBAC1C,EAAE,EAAE,UAAU;iBACd;aACD;YACD,KAAK,EAAE;gBACN,CAAC,cAAE,CAAC,EAAE,CAAC,EAAE;oBACR,EAAE,gBAAgB,EAAE,EAAE,CAAC,cAAE,CAAC,IAAI,CAAC,EAAE,IAAI,KAAK,GAAG,EAAE,EAAE;oBACjD,EAAE,wBAAwB,EAAE,EAAE,CAAC,cAAE,CAAC,IAAI,CAAC,EAAE,IAAI,KAAK,GAAG,EAAE,EAAE;oBACzD,EAAE,yBAAyB,EAAE,EAAE,CAAC,cAAE,CAAC,IAAI,CAAC,EAAE,IAAI,KAAK,GAAG,EAAE,EAAE;iBAC1D;aACD;SACD,CAAC,CAAC;QACH,OAAO,IAAI,CAAC;IACb,CAAC;IAED,KAAK,CAAC,gBAAgB,CAAC,EAAU;QAChC,MAAM,IAAI,GAAG,MAAM,IAAI,CAAC,KAAK,CAAC,OAAO,CAAC;YACrC,UAAU,EAAE,CAAC,IAAI,EAAE,gBAAgB,EAAE,QAAQ,EAAE,SAAS,EAAE,OAAO,EAAE,MAAM,EAAE,WAAW,CAAE;YACxF,OAAO,EAAE;gBACR;oBACC,KAAK,EAAE,oBAAU;oBACjB,UAAU,EAAE,CAAC,IAAI,EAAE,UAAU,CAAC;oBAC9B,EAAE,EAAE,YAAY;oBAChB,KAAK,EAAE;wBACN,EAAE,EAAE,EAAE;qBACN;iBACD;aACD;SACD,CAAC,CAAC;QACH,OAAO,IAAI,CAAC;IACb,CAAC;CAED;AA1ED,mCA0EC","sourcesContent":["import Products from '../database/model/Products';\nimport Categories from '../database/model/Categories';\nimport Restaurants from '../database/model/Restaurants';\nimport { IRestaurants, IRestaurantsModel } from '../interfaces/IRestaurants';\nimport { Op } from 'sequelize';\n\n\nexport default class RestaurantsModel implements IRestaurantsModel {\n\tprivate model = Restaurants;\n\n\tasync findAll(): Promise<IRestaurants[]> {\n\t\tconst data = await this.model.findAll({\n\t\t\tattributes: ['id','restaurantName', 'resume', 'address', 'phone', 'logo', 'wallpaper'],\n\t\t\tinclude: {\n\t\t\t\tmodel: Categories,\n\t\t\t\tattributes: ['id', 'category' ],\n\t\t\t\tas: 'categories',\n\t\t\t},\n\t\t});\n\t\treturn data;\n\t}\n\n\tasync findById(id: number): Promise<IRestaurants | null> {\n\t\tconst data = await this.model.findByPk(id, {\n\t\t\tattributes: ['id', 'restaurantName', 'resume', 'address', 'phone', 'logo', 'wallpaper'],\n\t\t\tinclude: [\n\t\t\t\t{\n\t\t\t\t\tmodel: Categories,\n\t\t\t\t\tattributes: ['id', 'category'],\n\t\t\t\t\tas: 'categories',\n\t\t\t\t},\n\t\t\t],\n\t\t});\n\n\t\treturn data;\n\t}\n\n\n\tasync findByQuery(query: string): Promise<IRestaurants[]> {\n\t\tconst data = await this.model.findAll({\n\t\t\tattributes: ['id', 'restaurantName', 'resume', 'address', 'phone', 'logo', 'wallpaper' ],\n\t\t\tinclude: [\n\t\t\t\t{\n\t\t\t\t\tmodel: Categories,\n\t\t\t\t\tattributes: ['id', 'category'],\n\t\t\t\t\tas: 'categories',\n\t\t\t\t},\n\t\t\t\t{\n\t\t\t\t\tmodel: Products,\n\t\t\t\t\tattributes: ['productName', 'description'],\n\t\t\t\t\tas: 'products',\n\t\t\t\t}\n\t\t\t],\n\t\t\twhere: {\n\t\t\t\t[Op.or]: [\n\t\t\t\t\t{ 'restaurantName': { [Op.like]: `%${query}%` } },\n\t\t\t\t\t{ '$products.description$': { [Op.like]: `%${query}%` } },\n\t\t\t\t\t{ '$products.product_name$': { [Op.like]: `%${query}%` } },\n\t\t\t\t],\n\t\t\t},\n\t\t});\n\t\treturn data;\n\t}\n\t\n\tasync findByCategoryId(id: number): Promise<IRestaurants[]> {\n\t\tconst data = await this.model.findAll({\n\t\t\tattributes: ['id', 'restaurantName', 'resume', 'address', 'phone', 'logo', 'wallpaper' ],\n\t\t\tinclude: [\n\t\t\t\t{\n\t\t\t\t\tmodel: Categories,\n\t\t\t\t\tattributes: ['id', 'category'],\n\t\t\t\t\tas: 'categories',\n\t\t\t\t\twhere: {\n\t\t\t\t\t\tid: id,\n\t\t\t\t\t},\n\t\t\t\t},\n\t\t\t],\n\t\t});\n\t\treturn data;\n\t}\n\n}\n"]},"_coverageSchema":"1a1c01bbd47fc00a2c39e90264f33305004495a9","hash":"398f6b47c6c8eeb03f48cf58dd17af9338adf87b","contentHash":"82216ab60eb64490486ab1f35d16dad3cf802c7e3d272241ee50e98e85684e54"},"/home/ebio/MVP-Delivery-App/app/server/src/tests/mocks/categories.mock.ts":{"path":"/home/ebio/MVP-Delivery-App/app/server/src/tests/mocks/categories.mock.ts","statementMap":{"0":{"start":{"line":2,"column":0},"end":{"line":2,"column":62}},"1":{"start":{"line":3,"column":0},"end":{"line":3,"column":35}},"2":{"start":{"line":4,"column":0},"end":{"line":40,"column":2}}},"fnMap":{},"branchMap":{},"s":{"0":1,"1":1,"2":1},"f":{},"b":{},"inputSourceMap":{"version":3,"file":"/home/ebio/MVP-Delivery-App/app/server/src/tests/mocks/categories.mock.ts","sources":["/home/ebio/MVP-Delivery-App/app/server/src/tests/mocks/categories.mock.ts"],"names":[],"mappings":";;;AAAa,QAAA,iBAAiB,GAAG;IAChC;QACC,IAAI,EAAE,CAAC;QACP,UAAU,EAAE,SAAS;QACrB,OAAO,EAAE,oIAAoI;KAC7I;IACD;QACC,IAAI,EAAE,CAAC;QACP,UAAU,EAAE,QAAQ;QACpB,OAAO,EAAE,mIAAmI;KAC5I;IACD;QACC,IAAI,EAAE,CAAC;QACP,UAAU,EAAE,cAAc;QAC1B,OAAO,EAAE,wIAAwI;KACjJ;IACD;QACC,IAAI,EAAE,CAAC;QACP,UAAU,EAAE,aAAa;QACzB,OAAO,EAAE,qIAAqI;KAC9I;IACD;QACC,IAAI,EAAE,CAAC;QACP,UAAU,EAAE,UAAU;QACtB,OAAO,EAAE,qIAAqI;KAC9I;IACD;QACC,IAAI,EAAE,CAAC;QACP,UAAU,EAAE,UAAU;QACtB,OAAO,EAAE,oIAAoI;KAC7I;IACD;QACC,IAAI,EAAE,CAAC;QACP,UAAU,EAAE,WAAW;QACvB,OAAO,EAAE,sIAAsI;KAC/I;CACD,CAAC","sourcesContent":["export const allCategoriesMock = [\n\t{\n\t\t'id': 1,\n\t\t'category': 'Lanches',\n\t\t'image': 'https://raw.githubusercontent.com/ebionarduche/MVP-Delivery-App/main/app/server/src/database/images/categories-images/lanches.avif'\n\t},\n\t{\n\t\t'id': 2,\n\t\t'category': 'Pizzas',\n\t\t'image': 'https://raw.githubusercontent.com/ebionarduche/MVP-Delivery-App/main/app/server/src/database/images/categories-images/pizzas.avif'\n\t},\n\t{\n\t\t'id': 3,\n\t\t'category': 'Restaurantes',\n\t\t'image': 'https://raw.githubusercontent.com/ebionarduche/MVP-Delivery-App/main/app/server/src/database/images/categories-images/restaurante.avif'\n\t},\n\t{\n\t\t'id': 4,\n\t\t'category': 'Sorveterias',\n\t\t'image': 'https://raw.githubusercontent.com/ebionarduche/MVP-Delivery-App/main/app/server/src/database/images/categories-images/sorvetes.avif'\n\t},\n\t{\n\t\t'id': 5,\n\t\t'category': 'Padarias',\n\t\t'image': 'https://raw.githubusercontent.com/ebionarduche/MVP-Delivery-App/main/app/server/src/database/images/categories-images/padarias.avif'\n\t},\n\t{\n\t\t'id': 6,\n\t\t'category': 'Marmitas',\n\t\t'image': 'https://raw.githubusercontent.com/ebionarduche/MVP-Delivery-App/main/app/server/src/database/images/categories-images/marmita.avif'\n\t},\n\t{\n\t\t'id': 7,\n\t\t'category': 'Saudáveis',\n\t\t'image': 'https://raw.githubusercontent.com/ebionarduche/MVP-Delivery-App/main/app/server/src/database/images/categories-images/saudaveis.avif'\n\t}\n];\n\n"]},"_coverageSchema":"1a1c01bbd47fc00a2c39e90264f33305004495a9","hash":"011c423a16e62562b826ed905be5757ac4a0c818","contentHash":"c93133d3528d4aaa34273993ab484270283221f697837bdfc4bb0d4a72482bc2"},"/home/ebio/MVP-Delivery-App/app/server/src/tests/mocks/user.mocks.ts":{"path":"/home/ebio/MVP-Delivery-App/app/server/src/tests/mocks/user.mocks.ts","statementMap":{"0":{"start":{"line":2,"column":0},"end":{"line":2,"column":62}},"1":{"start":{"line":3,"column":0},"end":{"line":3,"column":31}},"2":{"start":{"line":4,"column":0},"end":{"line":11,"column":2}}},"fnMap":{},"branchMap":{},"s":{"0":1,"1":1,"2":1},"f":{},"b":{},"inputSourceMap":{"version":3,"file":"/home/ebio/MVP-Delivery-App/app/server/src/tests/mocks/user.mocks.ts","sources":["/home/ebio/MVP-Delivery-App/app/server/src/tests/mocks/user.mocks.ts"],"names":[],"mappings":";;;AAAa,QAAA,aAAa,GAAG;IAC5B,EAAE,EAAE,CAAC;IACL,QAAQ,EAAE,MAAM;IAChB,KAAK,EAAE,eAAe;IACtB,QAAQ,EAAE,QAAQ;IAClB,OAAO,EAAE,kBAAkB;IAC3B,KAAK,EAAE,iBAAiB;CACxB,CAAC","sourcesContent":["export const mockValidUser = {\n\tid: 1,\n\tuserName: 'user',\n\temail: 'user@user.com',\n\tpassword: '123456',\n\taddress: 'Rua 01 Número 01',\n\tphone: '(99) 99999-9999',\n};\n\n"]},"_coverageSchema":"1a1c01bbd47fc00a2c39e90264f33305004495a9","hash":"ae40c082957497ee5dfd04b4d1aa04b1889a31a2","contentHash":"17714807d2aa0a76cfc7eb4f3d67e6314cfdd52c61707c2b264df12bbb12587d"}}